> hvigor [32mUP-TO-DATE :entry:default@PreBuild...  [39m
> hvigor [32mFinished :entry:default@CreateModuleInfo... after 1 ms [39m
> hvigor [32mUP-TO-DATE :entry:default@GenerateMetadata...  [39m
> hvigor [32mFinished :entry:default@ConfigureCmake... after 1 ms [39m
> hvigor [32mUP-TO-DATE :entry:default@MergeProfile...  [39m
> hvigor [32mUP-TO-DATE :entry:default@CreateBuildProfile...  [39m
> hvigor [32mFinished :entry:default@PreCheckSyscap... after 1 ms [39m
> hvigor [32mUP-TO-DATE :entry:default@GeneratePkgContextInfo...  [39m
> hvigor [32mFinished :entry:default@ProcessIntegratedHsp... after 1 ms [39m
> hvigor [32mFinished :entry:default@BuildNativeWithCmake... after 1 ms [39m
> hvigor [32mUP-TO-DATE :entry:default@MakePackInfo...  [39m
> hvigor [32mFinished :entry:default@SyscapTransform... after 13 ms [39m
> hvigor [32mUP-TO-DATE :entry:default@ProcessProfile...  [39m
> hvigor [32mUP-TO-DATE :entry:default@ProcessRouterMap...  [39m
> hvigor [32mUP-TO-DATE :entry:default@ProcessShareConfig...  [39m
> hvigor [32mFinished :entry:default@ProcessStartupConfig... after 2 ms [39m
> hvigor [32mFinished :entry:default@BuildNativeWithNinja... after 1 ms [39m
> hvigor [32mUP-TO-DATE :entry:default@ProcessResource...  [39m
> hvigor [32mUP-TO-DATE :entry:default@GenerateLoaderJson...  [39m
> hvigor [32mUP-TO-DATE :entry:default@ProcessLibs...  [39m
> hvigor [32mUP-TO-DATE :entry:default@CompileResource...  [39m
> hvigor [32mUP-TO-DATE :entry:default@DoNativeStrip...  [39m
> hvigor [32mFinished :entry:default@BuildJS... after 4 ms [39m
> hvigor [32mUP-TO-DATE :entry:default@CacheNativeLibs...  [39m
> hvigor [91mERROR: Failed :entry:default@CompileArkTS... [39m
> hvigor [33mWARN: 
[33m1 WARN: [33m[33mArkTS:WARN: For details about ArkTS syntax errors, see FAQs[39m[39m
[33m2 WARN: [33m[33mArkTS:WARN File: D:/GitHub/LanternLaw/entry/src/main/ets/database/LanternLawDatabase.ets:492:11
 Function may throw exceptions. Special handling is required.
[39m[39m
[33m3 WARN: [33m[33mArkTS:WARN File: D:/GitHub/LanternLaw/entry/src/main/ets/utils/TimeUtils.ets:69:19
 Function may throw exceptions. Special handling is required.
[39m[39m
[33m4 WARN: [33m[33mArkTS:WARN File: D:/GitHub/LanternLaw/entry/src/main/ets/utils/TimeUtils.ets:70:17
 Function may throw exceptions. Special handling is required.
[39m[39m
[33m5 WARN: [33m[33mArkTS:WARN File: D:/GitHub/LanternLaw/entry/src/main/ets/utils/TimeUtils.ets:88:19
 Function may throw exceptions. Special handling is required.
[39m[39m
[33m6 WARN: [33m[33mArkTS:WARN File: D:/GitHub/LanternLaw/entry/src/main/ets/utils/TimeUtils.ets:89:17
 Function may throw exceptions. Special handling is required.
[39m[39m
[33m7 WARN: [33m[33mArkTS:WARN File: D:/GitHub/LanternLaw/entry/src/main/ets/services/BackgroundKeepAlive.ets:261:43
 'BACKGROUND' has been deprecated.
[39m[39m
[33m8 WARN: [33m[33mArkTS:WARN File: D:/GitHub/LanternLaw/entry/src/main/ets/services/BackgroundKeepAlive.ets:264:44
 'createRunningLock' has been deprecated.
[39m[39m
[33m9 WARN: [33m[33mArkTS:WARN File: D:/GitHub/LanternLaw/entry/src/main/ets/services/BackgroundKeepAlive.ets:264:44
 To use this API, you need to apply for the permissions: ohos.permission.RUNNING_LOCK
[39m[39m
[33m10 WARN: [33m[33mArkTS:WARN File: D:/GitHub/LanternLaw/entry/src/main/ets/services/BackgroundKeepAlive.ets:270:41
 'lock' has been deprecated.
[39m[39m
[33m11 WARN: [33m[33mArkTS:WARN File: D:/GitHub/LanternLaw/entry/src/main/ets/services/BackgroundKeepAlive.ets:270:41
 To use this API, you need to apply for the permissions: ohos.permission.RUNNING_LOCK
[39m[39m
[33m12 WARN: [33m[33mArkTS:WARN File: D:/GitHub/LanternLaw/entry/src/main/ets/services/BackgroundKeepAlive.ets:289:24
 'unlock' has been deprecated.
[39m[39m
[33m13 WARN: [33m[33mArkTS:WARN File: D:/GitHub/LanternLaw/entry/src/main/ets/services/BackgroundKeepAlive.ets:289:24
 To use this API, you need to apply for the permissions: ohos.permission.RUNNING_LOCK
[39m[39m
[33m14 WARN: [33m[33mArkTS:WARN File: D:/GitHub/LanternLaw/entry/src/main/ets/services/BackgroundKeepAlive.ets:330:43
 'lock' has been deprecated.
[39m[39m
[33m15 WARN: [33m[33mArkTS:WARN File: D:/GitHub/LanternLaw/entry/src/main/ets/services/BackgroundKeepAlive.ets:330:43
 To use this API, you need to apply for the permissions: ohos.permission.RUNNING_LOCK
[39m[39m
[33m16 WARN: [33m[33mArkTS:WARN File: D:/GitHub/LanternLaw/entry/src/main/ets/managers/LanternLawStateManager.ets:184:23
 Function may throw exceptions. Special handling is required.
[39m[39m
[33m17 WARN: [33m[33mArkTS:WARN File: D:/GitHub/LanternLaw/entry/src/main/ets/managers/LanternLawStateManager.ets:185:26
 Function may throw exceptions. Special handling is required.
[39m[39m
[33m18 WARN: [33m[33mArkTS:WARN File: D:/GitHub/LanternLaw/entry/src/main/ets/pages/SettingsPage.ets:610:14
 'back' has been deprecated.
[39m[39m
[33m19 WARN: [33m[33mArkTS:WARN File: D:/GitHub/LanternLaw/entry/src/main/ets/pages/StatsPage.ets:656:14
 'back' has been deprecated.
[39m[39m
[33m20 WARN: [33mArkTS:WARN File: D:/GitHub/LanternLaw/entry/src/main/ets/components/StatsPanel.ets:12:9
 The @Prop property 'onToggle' cannot be an optional parameter.[39m[39m[39m
> hvigor [91mERROR: ArkTS Compiler Error
[31m1 ERROR: [31m10605034 ArkTS Compiler Error
Error Message: Type inference in case of generic function calls is limited (arkts-no-inferred-generic-params) At File: D:/GitHub/LanternLaw/entry/src/main/ets/components/LanternSystem.ets:147:17
[39m
[39m
[31m2 ERROR: [31m10605038 ArkTS Compiler Error
Error Message: Object literal must correspond to some explicitly declared class or interface (arkts-no-untyped-obj-literals) At File: D:/GitHub/LanternLaw/entry/src/main/ets/components/MotivationText.ets:14:53
[39m
[39m
[31m3 ERROR: [31m10605038 ArkTS Compiler Error
Error Message: Object literal must correspond to some explicitly declared class or interface (arkts-no-untyped-obj-literals) At File: D:/GitHub/LanternLaw/entry/src/main/ets/components/MotivationText.ets:24:57
[39m
[39m
[31m4 ERROR: [31m10605038 ArkTS Compiler Error
Error Message: Object literal must correspond to some explicitly declared class or interface (arkts-no-untyped-obj-literals) At File: D:/GitHub/LanternLaw/entry/src/main/ets/components/MotivationText.ets:228:53
[39m
[39m
[31m5 ERROR: [31m10605038 ArkTS Compiler Error
Error Message: Object literal must correspond to some explicitly declared class or interface (arkts-no-untyped-obj-literals) At File: D:/GitHub/LanternLaw/entry/src/main/ets/components/MotivationText.ets:234:53
[39m
[39m
[31m6 ERROR: [31m10605038 ArkTS Compiler Error
Error Message: Object literal must correspond to some explicitly declared class or interface (arkts-no-untyped-obj-literals) At File: D:/GitHub/LanternLaw/entry/src/main/ets/components/MotivationText.ets:240:52
[39m
[39m
[31m7 ERROR: [31m10605038 ArkTS Compiler Error
Error Message: Object literal must correspond to some explicitly declared class or interface (arkts-no-untyped-obj-literals) At File: D:/GitHub/LanternLaw/entry/src/main/ets/components/MotivationText.ets:320:58
[39m
[39m
[31m8 ERROR: [31m10605038 ArkTS Compiler Error
Error Message: Object literal must correspond to some explicitly declared class or interface (arkts-no-untyped-obj-literals) At File: D:/GitHub/LanternLaw/entry/src/main/ets/components/StatsPanel.ets:15:53
[39m
[39m
[31m9 ERROR: [31m10605038 ArkTS Compiler Error
Error Message: Object literal must correspond to some explicitly declared class or interface (arkts-no-untyped-obj-literals) At File: D:/GitHub/LanternLaw/entry/src/main/ets/components/StatsPanel.ets:222:53
[39m
[39m
[31m10 ERROR: [31m10605999 ArkTS Compiler Error
Error Message: Object is possibly 'null'. At File: D:/GitHub/LanternLaw/entry/src/main/ets/database/LanternLawDatabase.ets:359:15
[39m
[39m
[31m11 ERROR: [31m10605999 ArkTS Compiler Error
Error Message: Object is possibly 'null'. At File: D:/GitHub/LanternLaw/entry/src/main/ets/database/LanternLawDatabase.ets:372:15
[39m
[39m
[31m12 ERROR: [31m10605999 ArkTS Compiler Error
Error Message: Object is possibly 'null'. At File: D:/GitHub/LanternLaw/entry/src/main/ets/database/LanternLawDatabase.ets:439:31
[39m
[39m
[31m13 ERROR: [31m10605999 ArkTS Compiler Error
Error Message: Object is possibly 'null'. At File: D:/GitHub/LanternLaw/entry/src/main/ets/database/LanternLawDatabase.ets:460:31
[39m
[39m
[31m14 ERROR: [31m10605999 ArkTS Compiler Error
Error Message: Object is possibly 'null'. At File: D:/GitHub/LanternLaw/entry/src/main/ets/database/LanternLawDatabase.ets:492:11
[39m
[39m
[31m15 ERROR: [31m10605087 ArkTS Compiler Error
Error Message: "throw" statements cannot accept values of arbitrary types (arkts-limited-throw) At File: D:/GitHub/LanternLaw/entry/src/main/ets/database/LanternLawDatabase.ets:125:7
[39m
[39m
[31m16 ERROR: [31m10605038 ArkTS Compiler Error
Error Message: Object literal must correspond to some explicitly declared class or interface (arkts-no-untyped-obj-literals) At File: D:/GitHub/LanternLaw/entry/src/main/ets/database/LanternLawDatabase.ets:150:60
[39m
[39m
[31m17 ERROR: [31m10605008 ArkTS Compiler Error
Error Message: Use explicit types instead of "any", "unknown" (arkts-no-any-unknown) At File: D:/GitHub/LanternLaw/entry/src/main/ets/database/LanternLawDatabase.ets:153:14
[39m
[39m
[31m18 ERROR: [31m10605038 ArkTS Compiler Error
Error Message: Object literal must correspond to some explicitly declared class or interface (arkts-no-untyped-obj-literals) At File: D:/GitHub/LanternLaw/entry/src/main/ets/database/LanternLawDatabase.ets:157:60
[39m
[39m
[31m19 ERROR: [31m10605008 ArkTS Compiler Error
Error Message: Use explicit types instead of "any", "unknown" (arkts-no-any-unknown) At File: D:/GitHub/LanternLaw/entry/src/main/ets/database/LanternLawDatabase.ets:161:14
[39m
[39m
[31m20 ERROR: [31m10605038 ArkTS Compiler Error
Error Message: Object literal must correspond to some explicitly declared class or interface (arkts-no-untyped-obj-literals) At File: D:/GitHub/LanternLaw/entry/src/main/ets/database/LanternLawDatabase.ets:232:58
[39m
[39m
[31m21 ERROR: [31m10605008 ArkTS Compiler Error
Error Message: Use explicit types instead of "any", "unknown" (arkts-no-any-unknown) At File: D:/GitHub/LanternLaw/entry/src/main/ets/database/LanternLawDatabase.ets:243:12
[39m
[39m
[31m22 ERROR: [31m10605093 ArkTS Compiler Error
Error Message: Using "this" inside stand-alone functions is not supported (arkts-no-standalone-this) At File: D:/GitHub/LanternLaw/entry/src/main/ets/utils/TimeUtils.ets:59:12
[39m
[39m
[31m23 ERROR: [31m10605093 ArkTS Compiler Error
Error Message: Using "this" inside stand-alone functions is not supported (arkts-no-standalone-this) At File: D:/GitHub/LanternLaw/entry/src/main/ets/utils/TimeUtils.ets:69:19
[39m
[39m
[31m24 ERROR: [31m10605093 ArkTS Compiler Error
Error Message: Using "this" inside stand-alone functions is not supported (arkts-no-standalone-this) At File: D:/GitHub/LanternLaw/entry/src/main/ets/utils/TimeUtils.ets:70:17
[39m
[39m
[31m25 ERROR: [31m10605093 ArkTS Compiler Error
Error Message: Using "this" inside stand-alone functions is not supported (arkts-no-standalone-this) At File: D:/GitHub/LanternLaw/entry/src/main/ets/utils/TimeUtils.ets:88:19
[39m
[39m
[31m26 ERROR: [31m10605093 ArkTS Compiler Error
Error Message: Using "this" inside stand-alone functions is not supported (arkts-no-standalone-this) At File: D:/GitHub/LanternLaw/entry/src/main/ets/utils/TimeUtils.ets:89:17
[39m
[39m
[31m27 ERROR: [31m10605093 ArkTS Compiler Error
Error Message: Using "this" inside stand-alone functions is not supported (arkts-no-standalone-this) At File: D:/GitHub/LanternLaw/entry/src/main/ets/utils/ErrorHandler.ets:18:26
[39m
[39m
[31m28 ERROR: [31m10605008 ArkTS Compiler Error
Error Message: Use explicit types instead of "any", "unknown" (arkts-no-any-unknown) At File: D:/GitHub/LanternLaw/entry/src/main/ets/utils/ErrorHandler.ets:17:77
[39m
[39m
[31m29 ERROR: [31m10605093 ArkTS Compiler Error
Error Message: Using "this" inside stand-alone functions is not supported (arkts-no-standalone-this) At File: D:/GitHub/LanternLaw/entry/src/main/ets/utils/ErrorHandler.ets:36:26
[39m
[39m
[31m30 ERROR: [31m10605008 ArkTS Compiler Error
Error Message: Use explicit types instead of "any", "unknown" (arkts-no-any-unknown) At File: D:/GitHub/LanternLaw/entry/src/main/ets/utils/ErrorHandler.ets:35:76
[39m
[39m
[31m31 ERROR: [31m10605093 ArkTS Compiler Error
Error Message: Using "this" inside stand-alone functions is not supported (arkts-no-standalone-this) At File: D:/GitHub/LanternLaw/entry/src/main/ets/utils/ErrorHandler.ets:61:7
[39m
[39m
[31m32 ERROR: [31m10605093 ArkTS Compiler Error
Error Message: Using "this" inside stand-alone functions is not supported (arkts-no-standalone-this) At File: D:/GitHub/LanternLaw/entry/src/main/ets/utils/ErrorHandler.ets:81:7
[39m
[39m
[31m33 ERROR: [31m10605008 ArkTS Compiler Error
Error Message: Use explicit types instead of "any", "unknown" (arkts-no-any-unknown) At File: D:/GitHub/LanternLaw/entry/src/main/ets/utils/ErrorHandler.ets:92:87
[39m
[39m
[31m34 ERROR: [31m10605093 ArkTS Compiler Error
Error Message: Using "this" inside stand-alone functions is not supported (arkts-no-standalone-this) At File: D:/GitHub/LanternLaw/entry/src/main/ets/utils/ErrorHandler.ets:128:5
[39m
[39m
[31m35 ERROR: [31m10605093 ArkTS Compiler Error
Error Message: Using "this" inside stand-alone functions is not supported (arkts-no-standalone-this) At File: D:/GitHub/LanternLaw/entry/src/main/ets/utils/ErrorHandler.ets:145:5
[39m
[39m
[31m36 ERROR: [31m10605008 ArkTS Compiler Error
Error Message: Use explicit types instead of "any", "unknown" (arkts-no-any-unknown) At File: D:/GitHub/LanternLaw/entry/src/main/ets/utils/DelayedTask.ets:31:20
[39m
[39m
[31m37 ERROR: [31m10605038 ArkTS Compiler Error
Error Message: Object literal must correspond to some explicitly declared class or interface (arkts-no-untyped-obj-literals) At File: D:/GitHub/LanternLaw/entry/src/main/ets/managers/DeviceLockManager.ets:71:58
[39m
[39m
[31m38 ERROR: [31m10605038 ArkTS Compiler Error
Error Message: Object literal must correspond to some explicitly declared class or interface (arkts-no-untyped-obj-literals) At File: D:/GitHub/LanternLaw/entry/src/main/ets/managers/DeviceLockManager.ets:129:55
[39m
[39m
[31m39 ERROR: [31m10605038 ArkTS Compiler Error
Error Message: Object literal must correspond to some explicitly declared class or interface (arkts-no-untyped-obj-literals) At File: D:/GitHub/LanternLaw/entry/src/main/ets/managers/DeviceLockManager.ets:159:56
[39m
[39m
[31m40 ERROR: [31m10605038 ArkTS Compiler Error
Error Message: Object literal must correspond to some explicitly declared class or interface (arkts-no-untyped-obj-literals) At File: D:/GitHub/LanternLaw/entry/src/main/ets/managers/DeviceLockManager.ets:176:22
[39m
[39m
[31m41 ERROR: [31m10605038 ArkTS Compiler Error
Error Message: Object literal must correspond to some explicitly declared class or interface (arkts-no-untyped-obj-literals) At File: D:/GitHub/LanternLaw/entry/src/main/ets/managers/DeviceLockManager.ets:178:52
[39m
[39m
[31m42 ERROR: [31m10605038 ArkTS Compiler Error
Error Message: Object literal must correspond to some explicitly declared class or interface (arkts-no-untyped-obj-literals) At File: D:/GitHub/LanternLaw/entry/src/main/ets/managers/DeviceLockManager.ets:358:69
[39m
[39m
[31m43 ERROR: [31m10605038 ArkTS Compiler Error
Error Message: Object literal must correspond to some explicitly declared class or interface (arkts-no-untyped-obj-literals) At File: D:/GitHub/LanternLaw/entry/src/main/ets/managers/DeviceLockManager.ets:363:51
[39m
[39m
[31m44 ERROR: [31m10605038 ArkTS Compiler Error
Error Message: Object literal must correspond to some explicitly declared class or interface (arkts-no-untyped-obj-literals) At File: D:/GitHub/LanternLaw/entry/src/main/ets/managers/DeviceLockManager.ets:399:48
[39m
[39m
[31m45 ERROR: [31m10605087 ArkTS Compiler Error
Error Message: "throw" statements cannot accept values of arbitrary types (arkts-limited-throw) At File: D:/GitHub/LanternLaw/entry/src/main/ets/managers/DeviceLockManager.ets:415:7
[39m
[39m
[31m46 ERROR: [31m10605038 ArkTS Compiler Error
Error Message: Object literal must correspond to some explicitly declared class or interface (arkts-no-untyped-obj-literals) At File: D:/GitHub/LanternLaw/entry/src/main/ets/managers/DeviceLockManager.ets:440:52
[39m
[39m
[31m47 ERROR: [31m10605038 ArkTS Compiler Error
Error Message: Object literal must correspond to some explicitly declared class or interface (arkts-no-untyped-obj-literals) At File: D:/GitHub/LanternLaw/entry/src/main/ets/managers/DeviceLockManager.ets:479:52
[39m
[39m
[31m48 ERROR: [31m10605008 ArkTS Compiler Error
Error Message: Use explicit types instead of "any", "unknown" (arkts-no-any-unknown) At File: D:/GitHub/LanternLaw/entry/src/main/ets/managers/DeviceLockManager.ets:505:13
[39m
[39m
[31m49 ERROR: [31m10605038 ArkTS Compiler Error
Error Message: Object literal must correspond to some explicitly declared class or interface (arkts-no-untyped-obj-literals) At File: D:/GitHub/LanternLaw/entry/src/main/ets/managers/DeviceLockManager.ets:512:55
[39m
[39m
[31m50 ERROR: [31m10605038 ArkTS Compiler Error
Error Message: Object literal must correspond to some explicitly declared class or interface (arkts-no-untyped-obj-literals) At File: D:/GitHub/LanternLaw/entry/src/main/ets/managers/DeviceLockManager.ets:523:48
[39m
[39m
[31m51 ERROR: [31m10605038 ArkTS Compiler Error
Error Message: Object literal must correspond to some explicitly declared class or interface (arkts-no-untyped-obj-literals) At File: D:/GitHub/LanternLaw/entry/src/main/ets/managers/DeviceLockManager.ets:530:60
[39m
[39m
[31m52 ERROR: [31m10605040 ArkTS Compiler Error
Error Message: Object literals cannot be used as type declarations (arkts-no-obj-literals-as-types) At File: D:/GitHub/LanternLaw/entry/src/main/ets/managers/DeviceLockManager.ets:540:40
[39m
[39m
[31m53 ERROR: [31m10605038 ArkTS Compiler Error
Error Message: Object literal must correspond to some explicitly declared class or interface (arkts-no-untyped-obj-literals) At File: D:/GitHub/LanternLaw/entry/src/main/ets/managers/DeviceLockManager.ets:541:50
[39m
[39m
[31m54 ERROR: [31m10605038 ArkTS Compiler Error
Error Message: Object literal must correspond to some explicitly declared class or interface (arkts-no-untyped-obj-literals) At File: D:/GitHub/LanternLaw/entry/src/main/ets/managers/DeviceLockManager.ets:548:60
[39m
[39m
[31m55 ERROR: [31m10605038 ArkTS Compiler Error
Error Message: Object literal must correspond to some explicitly declared class or interface (arkts-no-untyped-obj-literals) At File: D:/GitHub/LanternLaw/entry/src/main/ets/managers/DeviceLockManager.ets:559:50
[39m
[39m
[31m56 ERROR: [31m10605038 ArkTS Compiler Error
Error Message: Object literal must correspond to some explicitly declared class or interface (arkts-no-untyped-obj-literals) At File: D:/GitHub/LanternLaw/entry/src/main/ets/managers/DeviceLockManager.ets:569:56
[39m
[39m
[31m57 ERROR: [31m10605038 ArkTS Compiler Error
Error Message: Object literal must correspond to some explicitly declared class or interface (arkts-no-untyped-obj-literals) At File: D:/GitHub/LanternLaw/entry/src/main/ets/managers/DeviceLockManager.ets:585:52
[39m
[39m
[31m58 ERROR: [31m10605038 ArkTS Compiler Error
Error Message: Object literal must correspond to some explicitly declared class or interface (arkts-no-untyped-obj-literals) At File: D:/GitHub/LanternLaw/entry/src/main/ets/managers/DeviceLockManager.ets:595:60
[39m
[39m
[31m59 ERROR: [31m10605038 ArkTS Compiler Error
Error Message: Object literal must correspond to some explicitly declared class or interface (arkts-no-untyped-obj-literals) At File: D:/GitHub/LanternLaw/entry/src/main/ets/managers/DeviceLockManager.ets:607:49
[39m
[39m
[31m60 ERROR: [31m10605038 ArkTS Compiler Error
Error Message: Object literal must correspond to some explicitly declared class or interface (arkts-no-untyped-obj-literals) At File: D:/GitHub/LanternLaw/entry/src/main/ets/managers/DeviceLockManager.ets:618:51
[39m
[39m
[31m61 ERROR: [31m10605038 ArkTS Compiler Error
Error Message: Object literal must correspond to some explicitly declared class or interface (arkts-no-untyped-obj-literals) At File: D:/GitHub/LanternLaw/entry/src/main/ets/managers/DeviceLockManager.ets:646:60
[39m
[39m
[31m62 ERROR: [31m10605999 ArkTS Compiler Error
Error Message: Property 'lock' does not exist on type 'never'. At File: D:/GitHub/LanternLaw/entry/src/main/ets/services/BackgroundKeepAlive.ets:270:41
[39m
[39m
[31m63 ERROR: [31m10605087 ArkTS Compiler Error
Error Message: "throw" statements cannot accept values of arbitrary types (arkts-limited-throw) At File: D:/GitHub/LanternLaw/entry/src/main/ets/services/BackgroundKeepAlive.ets:156:7
[39m
[39m
[31m64 ERROR: [31m10605087 ArkTS Compiler Error
Error Message: "throw" statements cannot accept values of arbitrary types (arkts-limited-throw) At File: D:/GitHub/LanternLaw/entry/src/main/ets/services/BackgroundKeepAlive.ets:191:7
[39m
[39m
[31m65 ERROR: [31m10605087 ArkTS Compiler Error
Error Message: "throw" statements cannot accept values of arbitrary types (arkts-limited-throw) At File: D:/GitHub/LanternLaw/entry/src/main/ets/services/BackgroundKeepAlive.ets:229:7
[39m
[39m
[31m66 ERROR: [31m10605008 ArkTS Compiler Error
Error Message: Use explicit types instead of "any", "unknown" (arkts-no-any-unknown) At File: D:/GitHub/LanternLaw/entry/src/main/ets/services/BackgroundKeepAlive.ets:270:15
[39m
[39m
[31m67 ERROR: [31m10605034 ArkTS Compiler Error
Error Message: Type inference in case of generic function calls is limited (arkts-no-inferred-generic-params) At File: D:/GitHub/LanternLaw/entry/src/main/ets/services/BackgroundKeepAlive.ets:290:13
[39m
[39m
[31m68 ERROR: [31m10605008 ArkTS Compiler Error
Error Message: Use explicit types instead of "any", "unknown" (arkts-no-any-unknown) At File: D:/GitHub/LanternLaw/entry/src/main/ets/services/BackgroundKeepAlive.ets:310:34
[39m
[39m
[31m69 ERROR: [31m10605999 ArkTS Compiler Error
Error Message: Object is possibly 'null'. At File: D:/GitHub/LanternLaw/entry/src/main/ets/managers/LanternLawStateManager.ets:160:9
[39m
[39m
[31m70 ERROR: [31m10605999 ArkTS Compiler Error
Error Message: Argument of type 'DailyRecord | null' is not assignable to parameter of type 'DailyRecord'.
  Type 'null' is not assignable to type 'DailyRecord'. At File: D:/GitHub/LanternLaw/entry/src/main/ets/managers/LanternLawStateManager.ets:161:45
[39m
[39m
[31m71 ERROR: [31m10605038 ArkTS Compiler Error
Error Message: Object literal must correspond to some explicitly declared class or interface (arkts-no-untyped-obj-literals) At File: D:/GitHub/LanternLaw/entry/src/main/ets/managers/DataStatisticsManager.ets:140:47
[39m
[39m
[31m72 ERROR: [31m10605038 ArkTS Compiler Error
Error Message: Object literal must correspond to some explicitly declared class or interface (arkts-no-untyped-obj-literals) At File: D:/GitHub/LanternLaw/entry/src/main/ets/managers/DataStatisticsManager.ets:159:47
[39m
[39m
[31m73 ERROR: [31m10605043 ArkTS Compiler Error
Error Message: Array literals must contain elements of only inferrable types (arkts-no-noninferrable-arr-literals) At File: D:/GitHub/LanternLaw/entry/src/main/ets/managers/AchievementManager.ets:22:50
[39m
[39m
[31m74 ERROR: [31m10605038 ArkTS Compiler Error
Error Message: Object literal must correspond to some explicitly declared class or interface (arkts-no-untyped-obj-literals) At File: D:/GitHub/LanternLaw/entry/src/main/ets/managers/AchievementManager.ets:24:5
[39m
[39m
[31m75 ERROR: [31m10605038 ArkTS Compiler Error
Error Message: Object literal must correspond to some explicitly declared class or interface (arkts-no-untyped-obj-literals) At File: D:/GitHub/LanternLaw/entry/src/main/ets/managers/AchievementManager.ets:34:5
[39m
[39m
[31m76 ERROR: [31m10605038 ArkTS Compiler Error
Error Message: Object literal must correspond to some explicitly declared class or interface (arkts-no-untyped-obj-literals) At File: D:/GitHub/LanternLaw/entry/src/main/ets/managers/AchievementManager.ets:44:5
[39m
[39m
[31m77 ERROR: [31m10605038 ArkTS Compiler Error
Error Message: Object literal must correspond to some explicitly declared class or interface (arkts-no-untyped-obj-literals) At File: D:/GitHub/LanternLaw/entry/src/main/ets/managers/AchievementManager.ets:54:5
[39m
[39m
[31m78 ERROR: [31m10605038 ArkTS Compiler Error
Error Message: Object literal must correspond to some explicitly declared class or interface (arkts-no-untyped-obj-literals) At File: D:/GitHub/LanternLaw/entry/src/main/ets/managers/AchievementManager.ets:65:5
[39m
[39m
[31m79 ERROR: [31m10605038 ArkTS Compiler Error
Error Message: Object literal must correspond to some explicitly declared class or interface (arkts-no-untyped-obj-literals) At File: D:/GitHub/LanternLaw/entry/src/main/ets/managers/AchievementManager.ets:75:5
[39m
[39m
[31m80 ERROR: [31m10605038 ArkTS Compiler Error
Error Message: Object literal must correspond to some explicitly declared class or interface (arkts-no-untyped-obj-literals) At File: D:/GitHub/LanternLaw/entry/src/main/ets/managers/AchievementManager.ets:85:5
[39m
[39m
[31m81 ERROR: [31m10605038 ArkTS Compiler Error
Error Message: Object literal must correspond to some explicitly declared class or interface (arkts-no-untyped-obj-literals) At File: D:/GitHub/LanternLaw/entry/src/main/ets/managers/AchievementManager.ets:95:5
[39m
[39m
[31m82 ERROR: [31m10605040 ArkTS Compiler Error
Error Message: Object literals cannot be used as type declarations (arkts-no-obj-literals-as-types) At File: D:/GitHub/LanternLaw/entry/src/main/ets/managers/AchievementManager.ets:171:32
[39m
[39m
[31m83 ERROR: [31m10605038 ArkTS Compiler Error
Error Message: Object literal must correspond to some explicitly declared class or interface (arkts-no-untyped-obj-literals) At File: D:/GitHub/LanternLaw/entry/src/main/ets/managers/AchievementManager.ets:174:12
[39m
[39m
[31m84 ERROR: [31m10605038 ArkTS Compiler Error
Error Message: Object literal must correspond to some explicitly declared class or interface (arkts-no-untyped-obj-literals) At File: D:/GitHub/LanternLaw/entry/src/main/ets/pages/Index.ets:40:29
[39m
[39m
[31m85 ERROR: [31m10605038 ArkTS Compiler Error
Error Message: Object literal must correspond to some explicitly declared class or interface (arkts-no-untyped-obj-literals) At File: D:/GitHub/LanternLaw/entry/src/main/ets/pages/SettingsPage.ets:34:29
[39m
[39m
[31m86 ERROR: [31m10605008 ArkTS Compiler Error
Error Message: Use explicit types instead of "any", "unknown" (arkts-no-any-unknown) At File: D:/GitHub/LanternLaw/entry/src/main/ets/pages/SettingsPage.ets:479:13
[39m
[39m
[31m87 ERROR: [31m10605038 ArkTS Compiler Error
Error Message: Object literal must correspond to some explicitly declared class or interface (arkts-no-untyped-obj-literals) At File: D:/GitHub/LanternLaw/entry/src/main/ets/pages/SettingsPage.ets:498:40
[39m
[39m
[31m88 ERROR: [31m10605008 ArkTS Compiler Error
Error Message: Use explicit types instead of "any", "unknown" (arkts-no-any-unknown) At File: D:/GitHub/LanternLaw/entry/src/main/ets/pages/SettingsPage.ets:532:13
[39m
[39m
[31m89 ERROR: [31m10605038 ArkTS Compiler Error
Error Message: Object literal must correspond to some explicitly declared class or interface (arkts-no-untyped-obj-literals) At File: D:/GitHub/LanternLaw/entry/src/main/ets/pages/StatsPage.ets:30:29
[39m
[39m
[31m90 ERROR: [31m10505001 ArkTS Compiler Error
Error Message: Expected 1 arguments, but got 2. At File: D:/GitHub/LanternLaw/entry/src/main/ets/components/LanternSystem.ets:147:58
[39m
[39m
[31m91 ERROR: [31m10505001 ArkTS Compiler Error
Error Message: Conversion of type 'void' to type 'Promise<void>' may be a mistake because neither type sufficiently overlaps with the other. If this was intentional, convert the expression to 'unknown' first. At File: D:/GitHub/LanternLaw/entry/src/main/ets/managers/DeviceLockManager.ets:146:12
[39m
[39m
[31m92 ERROR: [31m10505001 ArkTS Compiler Error
Error Message: Cannot use namespace 'deviceManager' as a value. At File: D:/GitHub/LanternLaw/entry/src/main/ets/managers/DeviceLockManager.ets:149:33
[39m
[39m
[31m93 ERROR: [31m10505001 ArkTS Compiler Error
Error Message: Property 'tokenId' does not exist on type 'Context'. At File: D:/GitHub/LanternLaw/entry/src/main/ets/managers/DeviceLockManager.ets:353:26
[39m
[39m
[31m94 ERROR: [31m10505001 ArkTS Compiler Error
Error Message: Argument of type 'string' is not assignable to parameter of type 'Permissions'. At File: D:/GitHub/LanternLaw/entry/src/main/ets/managers/DeviceLockManager.ets:354:13
[39m
[39m
[31m95 ERROR: [31m10505001 ArkTS Compiler Error
Error Message: Property 'getTrustedDeviceListSync' does not exist on type 'DeviceManager'. At File: D:/GitHub/LanternLaw/entry/src/main/ets/managers/DeviceLockManager.ets:505:52
[39m
[39m
[31m96 ERROR: [31m10505001 ArkTS Compiler Error
Error Message: 'runningLock' has no exported member named 'RunningLockInfo'. Did you mean 'RunningLock'? At File: D:/GitHub/LanternLaw/entry/src/main/ets/services/BackgroundKeepAlive.ets:259:35
[39m
[39m
[31m97 ERROR: [31m10505001 ArkTS Compiler Error
Error Message: Expected 2-3 arguments, but got 1. At File: D:/GitHub/LanternLaw/entry/src/main/ets/services/BackgroundKeepAlive.ets:264:44
[39m
[39m
[31m98 ERROR: [31m10505001 ArkTS Compiler Error
Error Message: Type 'void & Promise<RunningLock>' is missing the following properties from type 'RunningLock': lock, hold, isUsed, isHolding, and 2 more. At File: D:/GitHub/LanternLaw/entry/src/main/ets/services/BackgroundKeepAlive.ets:267:9
[39m
[39m
[31m99 ERROR: [31m10505001 ArkTS Compiler Error
Error Message: Type '{ id: string; name: string; description: string; type: string; requirement: number; unlocked: false; unlockedAt: number; icon: string; }' is missing the following properties from type 'Achievement': toJSON, clone At File: D:/GitHub/LanternLaw/entry/src/main/ets/managers/AchievementManager.ets:24:5
[39m
[39m
[31m100 ERROR: [31m10505001 ArkTS Compiler Error
Error Message: Type '{ id: string; name: string; description: string; type: string; requirement: number; unlocked: false; unlockedAt: number; icon: string; }' is missing the following properties from type 'Achievement': toJSON, clone At File: D:/GitHub/LanternLaw/entry/src/main/ets/managers/AchievementManager.ets:34:5
[39m
[39m
[31m101 ERROR: [31m10505001 ArkTS Compiler Error
Error Message: Type '{ id: string; name: string; description: string; type: string; requirement: number; unlocked: false; unlockedAt: number; icon: string; }' is missing the following properties from type 'Achievement': toJSON, clone At File: D:/GitHub/LanternLaw/entry/src/main/ets/managers/AchievementManager.ets:44:5
[39m
[39m
[31m102 ERROR: [31m10505001 ArkTS Compiler Error
Error Message: Type '{ id: string; name: string; description: string; type: string; requirement: number; unlocked: false; unlockedAt: number; icon: string; }' is missing the following properties from type 'Achievement': toJSON, clone At File: D:/GitHub/LanternLaw/entry/src/main/ets/managers/AchievementManager.ets:54:5
[39m
[39m
[31m103 ERROR: [31m10505001 ArkTS Compiler Error
Error Message: Type '{ id: string; name: string; description: string; type: string; requirement: number; unlocked: false; unlockedAt: number; icon: string; }' is missing the following properties from type 'Achievement': toJSON, clone At File: D:/GitHub/LanternLaw/entry/src/main/ets/managers/AchievementManager.ets:65:5
[39m
[39m
[31m104 ERROR: [31m10505001 ArkTS Compiler Error
Error Message: Type '{ id: string; name: string; description: string; type: string; requirement: number; unlocked: false; unlockedAt: number; icon: string; }' is missing the following properties from type 'Achievement': toJSON, clone At File: D:/GitHub/LanternLaw/entry/src/main/ets/managers/AchievementManager.ets:75:5
[39m
[39m
[31m105 ERROR: [31m10505001 ArkTS Compiler Error
Error Message: Type '{ id: string; name: string; description: string; type: string; requirement: number; unlocked: false; unlockedAt: number; icon: string; }' is missing the following properties from type 'Achievement': toJSON, clone At File: D:/GitHub/LanternLaw/entry/src/main/ets/managers/AchievementManager.ets:85:5
[39m
[39m
[31m106 ERROR: [31m10505001 ArkTS Compiler Error
Error Message: Type '{ id: string; name: string; description: string; type: string; requirement: number; unlocked: false; unlockedAt: number; icon: string; }' is missing the following properties from type 'Achievement': toJSON, clone At File: D:/GitHub/LanternLaw/entry/src/main/ets/managers/AchievementManager.ets:95:5
[39m
[39m
[31m107 ERROR: [31m10505001 ArkTS Compiler Error
Error Message: Property 'getCurrentStateRecord' does not exist on type 'LanternLawStateManager'. Did you mean 'getCurrentState'? At File: D:/GitHub/LanternLaw/entry/src/main/ets/pages/SettingsPage.ets:479:39
[39m
[39m
[31m108 ERROR: [31m10505001 ArkTS Compiler Error
Error Message: Type '{ bedtime: string; wakeupTime: string; lanternlawEnabled: boolean; }' is missing the following properties from type 'LanternLawConfig': emergencyUnlocks, emergencyUsed, vibrationEnabled, soundEnabled, and 3 more. At File: D:/GitHub/LanternLaw/entry/src/main/ets/pages/SettingsPage.ets:498:13
[39m
[39m
[31m109 ERROR: [31m10505001 ArkTS Compiler Error
Error Message: Property 'updateConfig' does not exist on type 'LanternLawStateManager'. At File: D:/GitHub/LanternLaw/entry/src/main/ets/pages/SettingsPage.ets:504:31
[39m
[39m
[31m110 ERROR: [31m10505001 ArkTS Compiler Error
Error Message: Property 'getCurrentStateRecord' does not exist on type 'LanternLawStateManager'. Did you mean 'getCurrentState'? At File: D:/GitHub/LanternLaw/entry/src/main/ets/pages/SettingsPage.ets:532:40
[39m
[39m
[31m111 ERROR: [31m10505001 ArkTS Compiler Error
Error Message: Module '"../managers/AchievementManager"' declares 'Achievement' locally, but it is not exported. At File: D:/GitHub/LanternLaw/entry/src/main/ets/pages/StatsPage.ets:9:30
[39m
[39m
[31mCOMPILE RESULT:FAIL {ERROR:112 WARN:20}[39m

[31m* Try:
> Run with --stacktrace option to get the stack trace.
> Run with --debug option to get more log output.
[39m
> hvigor [91mERROR: BUILD FAILED in 9 s 170 ms [39m
