> hvigor [32mUP-TO-DATE :entry:default@PreBuild...  [39m
> hvigor [32mFinished :entry:default@CreateModuleInfo... after 1 ms [39m
> hvigor [32mUP-TO-DATE :entry:default@GenerateMetadata...  [39m
> hvigor [32mFinished :entry:default@ConfigureCmake... after 1 ms [39m
> hvigor [32mUP-TO-DATE :entry:default@MergeProfile...  [39m
> hvigor [32mUP-TO-DATE :entry:default@CreateBuildProfile...  [39m
> hvigor [32mFinished :entry:default@PreCheckSyscap... after 1 ms [39m
> hvigor [32mUP-TO-DATE :entry:default@GeneratePkgContextInfo...  [39m
> hvigor [32mFinished :entry:default@ProcessIntegratedHsp... after 1 ms [39m
> hvigor [32mFinished :entry:default@BuildNativeWithCmake... after 1 ms [39m
> hvigor [32mUP-TO-DATE :entry:default@MakePackInfo...  [39m
> hvigor [32mFinished :entry:default@SyscapTransform... after 15 ms [39m
> hvigor [32mUP-TO-DATE :entry:default@ProcessProfile...  [39m
> hvigor [32mUP-TO-DATE :entry:default@ProcessRouterMap...  [39m
> hvigor [32mUP-TO-DATE :entry:default@ProcessShareConfig...  [39m
> hvigor [32mFinished :entry:default@ProcessStartupConfig... after 4 ms [39m
> hvigor [32mFinished :entry:default@BuildNativeWithNinja... after 1 ms [39m
> hvigor [32mUP-TO-DATE :entry:default@ProcessResource...  [39m
> hvigor [32mUP-TO-DATE :entry:default@GenerateLoaderJson...  [39m
> hvigor [32mUP-TO-DATE :entry:default@ProcessLibs...  [39m
> hvigor [32mUP-TO-DATE :entry:default@CompileResource...  [39m
> hvigor [32mUP-TO-DATE :entry:default@DoNativeStrip...  [39m
> hvigor [32mFinished :entry:default@BuildJS... after 4 ms [39m
> hvigor [32mUP-TO-DATE :entry:default@CacheNativeLibs...  [39m
> hvigor [91mERROR: Failed :entry:default@CompileArkTS... [39m
> hvigor [33mWARN: 
[33m1 WARN: [33m[33mArkTS:WARN: For details about ArkTS syntax errors, see FAQs[39m[39m
[33m2 WARN: [33m[33mArkTS:WARN File: D:/GitHub/LanternLaw/entry/src/main/ets/database/LanternLawDatabase.ets:481:11
 Function may throw exceptions. Special handling is required.
[39m[39m
[33m3 WARN: [33m[33mArkTS:WARN File: D:/GitHub/LanternLaw/entry/src/main/ets/utils/TimeUtils.ets:61:19
 Function may throw exceptions. Special handling is required.
[39m[39m
[33m4 WARN: [33m[33mArkTS:WARN File: D:/GitHub/LanternLaw/entry/src/main/ets/utils/TimeUtils.ets:62:17
 Function may throw exceptions. Special handling is required.
[39m[39m
[33m5 WARN: [33m[33mArkTS:WARN File: D:/GitHub/LanternLaw/entry/src/main/ets/utils/TimeUtils.ets:80:19
 Function may throw exceptions. Special handling is required.
[39m[39m
[33m6 WARN: [33m[33mArkTS:WARN File: D:/GitHub/LanternLaw/entry/src/main/ets/utils/TimeUtils.ets:81:17
 Function may throw exceptions. Special handling is required.
[39m[39m
[33m7 WARN: [33m[33mArkTS:WARN File: D:/GitHub/LanternLaw/entry/src/main/ets/utils/TimerWorker.ets:80:9
 Function may throw exceptions. Special handling is required.
[39m[39m
[33m8 WARN: [33m[33mArkTS:WARN File: D:/GitHub/LanternLaw/entry/src/main/ets/services/BackgroundKeepAlive.ets:261:43
 'BACKGROUND' has been deprecated.
[39m[39m
[33m9 WARN: [33m[33mArkTS:WARN File: D:/GitHub/LanternLaw/entry/src/main/ets/services/BackgroundKeepAlive.ets:264:44
 'createRunningLock' has been deprecated.
[39m[39m
[33m10 WARN: [33m[33mArkTS:WARN File: D:/GitHub/LanternLaw/entry/src/main/ets/services/BackgroundKeepAlive.ets:264:44
 To use this API, you need to apply for the permissions: ohos.permission.RUNNING_LOCK
[39m[39m
[33m11 WARN: [33m[33mArkTS:WARN File: D:/GitHub/LanternLaw/entry/src/main/ets/services/BackgroundKeepAlive.ets:269:41
 'lock' has been deprecated.
[39m[39m
[33m12 WARN: [33m[33mArkTS:WARN File: D:/GitHub/LanternLaw/entry/src/main/ets/services/BackgroundKeepAlive.ets:269:41
 To use this API, you need to apply for the permissions: ohos.permission.RUNNING_LOCK
[39m[39m
[33m13 WARN: [33m[33mArkTS:WARN File: D:/GitHub/LanternLaw/entry/src/main/ets/services/BackgroundKeepAlive.ets:287:24
 'unlock' has been deprecated.
[39m[39m
[33m14 WARN: [33m[33mArkTS:WARN File: D:/GitHub/LanternLaw/entry/src/main/ets/services/BackgroundKeepAlive.ets:287:24
 To use this API, you need to apply for the permissions: ohos.permission.RUNNING_LOCK
[39m[39m
[33m15 WARN: [33m[33mArkTS:WARN File: D:/GitHub/LanternLaw/entry/src/main/ets/services/BackgroundKeepAlive.ets:328:43
 'lock' has been deprecated.
[39m[39m
[33m16 WARN: [33m[33mArkTS:WARN File: D:/GitHub/LanternLaw/entry/src/main/ets/services/BackgroundKeepAlive.ets:328:43
 To use this API, you need to apply for the permissions: ohos.permission.RUNNING_LOCK
[39m[39m
[33m17 WARN: [33m[33mArkTS:WARN File: D:/GitHub/LanternLaw/entry/src/main/ets/managers/LanternLawStateManager.ets:184:23
 Function may throw exceptions. Special handling is required.
[39m[39m
[33m18 WARN: [33m[33mArkTS:WARN File: D:/GitHub/LanternLaw/entry/src/main/ets/managers/LanternLawStateManager.ets:185:26
 Function may throw exceptions. Special handling is required.
[39m[39m
[33m19 WARN: [33m[33mArkTS:WARN File: D:/GitHub/LanternLaw/entry/src/main/ets/pages/SettingsPage.ets:616:14
 'back' has been deprecated.
[39m[39m
[33m20 WARN: [33m[33mArkTS:WARN File: D:/GitHub/LanternLaw/entry/src/main/ets/pages/StatsPage.ets:662:14
 'back' has been deprecated.
[39m[39m
[33m21 WARN: [33mArkTS:WARN File: D:/GitHub/LanternLaw/entry/src/main/ets/components/StatsPanel.ets:12:9
 The @Prop property 'onToggle' cannot be an optional parameter.[39m[39m[39m
> hvigor [91mERROR: Unexpected token (Note that you need plugins to import files that are not JavaScript)
D:\GitHub\LanternLaw\entry\src\main\ets\utils\TimerWorker.ets:96
[31m1 ERROR: [31m10605034 ArkTS Compiler Error
Error Message: Type inference in case of generic function calls is limited (arkts-no-inferred-generic-params) At File: D:/GitHub/LanternLaw/entry/src/main/ets/components/LanternSystem.ets:147:17
[39m
[39m
[31m2 ERROR: [31m10605038 ArkTS Compiler Error
Error Message: Object literal must correspond to some explicitly declared class or interface (arkts-no-untyped-obj-literals) At File: D:/GitHub/LanternLaw/entry/src/main/ets/components/MotivationText.ets:14:53
[39m
[39m
[31m3 ERROR: [31m10605038 ArkTS Compiler Error
Error Message: Object literal must correspond to some explicitly declared class or interface (arkts-no-untyped-obj-literals) At File: D:/GitHub/LanternLaw/entry/src/main/ets/components/MotivationText.ets:24:57
[39m
[39m
[31m4 ERROR: [31m10605038 ArkTS Compiler Error
Error Message: Object literal must correspond to some explicitly declared class or interface (arkts-no-untyped-obj-literals) At File: D:/GitHub/LanternLaw/entry/src/main/ets/components/MotivationText.ets:228:53
[39m
[39m
[31m5 ERROR: [31m10605038 ArkTS Compiler Error
Error Message: Object literal must correspond to some explicitly declared class or interface (arkts-no-untyped-obj-literals) At File: D:/GitHub/LanternLaw/entry/src/main/ets/components/MotivationText.ets:234:53
[39m
[39m
[31m6 ERROR: [31m10605038 ArkTS Compiler Error
Error Message: Object literal must correspond to some explicitly declared class or interface (arkts-no-untyped-obj-literals) At File: D:/GitHub/LanternLaw/entry/src/main/ets/components/MotivationText.ets:240:52
[39m
[39m
[31m7 ERROR: [31m10605038 ArkTS Compiler Error
Error Message: Object literal must correspond to some explicitly declared class or interface (arkts-no-untyped-obj-literals) At File: D:/GitHub/LanternLaw/entry/src/main/ets/components/MotivationText.ets:320:58
[39m
[39m
[31m8 ERROR: [31m10605038 ArkTS Compiler Error
Error Message: Object literal must correspond to some explicitly declared class or interface (arkts-no-untyped-obj-literals) At File: D:/GitHub/LanternLaw/entry/src/main/ets/components/StatsPanel.ets:15:53
[39m
[39m
[31m9 ERROR: [31m10605038 ArkTS Compiler Error
Error Message: Object literal must correspond to some explicitly declared class or interface (arkts-no-untyped-obj-literals) At File: D:/GitHub/LanternLaw/entry/src/main/ets/components/StatsPanel.ets:222:53
[39m
[39m
[31m10 ERROR: [31m10605066 ArkTS Compiler Error
Error Message: "in" operator is not supported (arkts-no-in) At File: D:/GitHub/LanternLaw/entry/src/main/ets/models/LanternLawConfig.ets:54:19
[39m
[39m
[31m11 ERROR: [31m10605029 ArkTS Compiler Error
Error Message: Indexed access is not supported for fields (arkts-no-props-by-index) At File: D:/GitHub/LanternLaw/entry/src/main/ets/models/LanternLawConfig.ets:54:37
[39m
[39m
[31m12 ERROR: [31m10605029 ArkTS Compiler Error
Error Message: Indexed access is not supported for fields (arkts-no-props-by-index) At File: D:/GitHub/LanternLaw/entry/src/main/ets/models/LanternLawConfig.ets:55:24
[39m
[39m
[31m13 ERROR: [31m10605066 ArkTS Compiler Error
Error Message: "in" operator is not supported (arkts-no-in) At File: D:/GitHub/LanternLaw/entry/src/main/ets/models/LanternLawConfig.ets:57:22
[39m
[39m
[31m14 ERROR: [31m10605029 ArkTS Compiler Error
Error Message: Indexed access is not supported for fields (arkts-no-props-by-index) At File: D:/GitHub/LanternLaw/entry/src/main/ets/models/LanternLawConfig.ets:57:40
[39m
[39m
[31m15 ERROR: [31m10605029 ArkTS Compiler Error
Error Message: Indexed access is not supported for fields (arkts-no-props-by-index) At File: D:/GitHub/LanternLaw/entry/src/main/ets/models/LanternLawConfig.ets:58:27
[39m
[39m
[31m16 ERROR: [31m10605066 ArkTS Compiler Error
Error Message: "in" operator is not supported (arkts-no-in) At File: D:/GitHub/LanternLaw/entry/src/main/ets/models/LanternLawConfig.ets:60:28
[39m
[39m
[31m17 ERROR: [31m10605029 ArkTS Compiler Error
Error Message: Indexed access is not supported for fields (arkts-no-props-by-index) At File: D:/GitHub/LanternLaw/entry/src/main/ets/models/LanternLawConfig.ets:60:46
[39m
[39m
[31m18 ERROR: [31m10605029 ArkTS Compiler Error
Error Message: Indexed access is not supported for fields (arkts-no-props-by-index) At File: D:/GitHub/LanternLaw/entry/src/main/ets/models/LanternLawConfig.ets:61:33
[39m
[39m
[31m19 ERROR: [31m10605066 ArkTS Compiler Error
Error Message: "in" operator is not supported (arkts-no-in) At File: D:/GitHub/LanternLaw/entry/src/main/ets/models/LanternLawConfig.ets:63:25
[39m
[39m
[31m20 ERROR: [31m10605029 ArkTS Compiler Error
Error Message: Indexed access is not supported for fields (arkts-no-props-by-index) At File: D:/GitHub/LanternLaw/entry/src/main/ets/models/LanternLawConfig.ets:63:43
[39m
[39m
[31m21 ERROR: [31m10605029 ArkTS Compiler Error
Error Message: Indexed access is not supported for fields (arkts-no-props-by-index) At File: D:/GitHub/LanternLaw/entry/src/main/ets/models/LanternLawConfig.ets:64:30
[39m
[39m
[31m22 ERROR: [31m10605066 ArkTS Compiler Error
Error Message: "in" operator is not supported (arkts-no-in) At File: D:/GitHub/LanternLaw/entry/src/main/ets/models/LanternLawConfig.ets:67:29
[39m
[39m
[31m23 ERROR: [31m10605029 ArkTS Compiler Error
Error Message: Indexed access is not supported for fields (arkts-no-props-by-index) At File: D:/GitHub/LanternLaw/entry/src/main/ets/models/LanternLawConfig.ets:67:47
[39m
[39m
[31m24 ERROR: [31m10605029 ArkTS Compiler Error
Error Message: Indexed access is not supported for fields (arkts-no-props-by-index) At File: D:/GitHub/LanternLaw/entry/src/main/ets/models/LanternLawConfig.ets:68:34
[39m
[39m
[31m25 ERROR: [31m10605066 ArkTS Compiler Error
Error Message: "in" operator is not supported (arkts-no-in) At File: D:/GitHub/LanternLaw/entry/src/main/ets/models/LanternLawConfig.ets:69:32
[39m
[39m
[31m26 ERROR: [31m10605029 ArkTS Compiler Error
Error Message: Indexed access is not supported for fields (arkts-no-props-by-index) At File: D:/GitHub/LanternLaw/entry/src/main/ets/models/LanternLawConfig.ets:69:50
[39m
[39m
[31m27 ERROR: [31m10605029 ArkTS Compiler Error
Error Message: Indexed access is not supported for fields (arkts-no-props-by-index) At File: D:/GitHub/LanternLaw/entry/src/main/ets/models/LanternLawConfig.ets:70:34
[39m
[39m
[31m28 ERROR: [31m10605066 ArkTS Compiler Error
Error Message: "in" operator is not supported (arkts-no-in) At File: D:/GitHub/LanternLaw/entry/src/main/ets/models/LanternLawConfig.ets:72:28
[39m
[39m
[31m29 ERROR: [31m10605029 ArkTS Compiler Error
Error Message: Indexed access is not supported for fields (arkts-no-props-by-index) At File: D:/GitHub/LanternLaw/entry/src/main/ets/models/LanternLawConfig.ets:72:46
[39m
[39m
[31m30 ERROR: [31m10605029 ArkTS Compiler Error
Error Message: Indexed access is not supported for fields (arkts-no-props-by-index) At File: D:/GitHub/LanternLaw/entry/src/main/ets/models/LanternLawConfig.ets:73:33
[39m
[39m
[31m31 ERROR: [31m10605066 ArkTS Compiler Error
Error Message: "in" operator is not supported (arkts-no-in) At File: D:/GitHub/LanternLaw/entry/src/main/ets/models/LanternLawConfig.ets:75:24
[39m
[39m
[31m32 ERROR: [31m10605029 ArkTS Compiler Error
Error Message: Indexed access is not supported for fields (arkts-no-props-by-index) At File: D:/GitHub/LanternLaw/entry/src/main/ets/models/LanternLawConfig.ets:75:42
[39m
[39m
[31m33 ERROR: [31m10605029 ArkTS Compiler Error
Error Message: Indexed access is not supported for fields (arkts-no-props-by-index) At File: D:/GitHub/LanternLaw/entry/src/main/ets/models/LanternLawConfig.ets:76:29
[39m
[39m
[31m34 ERROR: [31m10605066 ArkTS Compiler Error
Error Message: "in" operator is not supported (arkts-no-in) At File: D:/GitHub/LanternLaw/entry/src/main/ets/models/EscapeAttempt.ets:25:21
[39m
[39m
[31m35 ERROR: [31m10605029 ArkTS Compiler Error
Error Message: Indexed access is not supported for fields (arkts-no-props-by-index) At File: D:/GitHub/LanternLaw/entry/src/main/ets/models/EscapeAttempt.ets:25:39
[39m
[39m
[31m36 ERROR: [31m10605029 ArkTS Compiler Error
Error Message: Indexed access is not supported for fields (arkts-no-props-by-index) At File: D:/GitHub/LanternLaw/entry/src/main/ets/models/EscapeAttempt.ets:26:27
[39m
[39m
[31m37 ERROR: [31m10605066 ArkTS Compiler Error
Error Message: "in" operator is not supported (arkts-no-in) At File: D:/GitHub/LanternLaw/entry/src/main/ets/models/EscapeAttempt.ets:28:16
[39m
[39m
[31m38 ERROR: [31m10605029 ArkTS Compiler Error
Error Message: Indexed access is not supported for fields (arkts-no-props-by-index) At File: D:/GitHub/LanternLaw/entry/src/main/ets/models/EscapeAttempt.ets:28:34
[39m
[39m
[31m39 ERROR: [31m10605029 ArkTS Compiler Error
Error Message: Indexed access is not supported for fields (arkts-no-props-by-index) At File: D:/GitHub/LanternLaw/entry/src/main/ets/models/EscapeAttempt.ets:29:22
[39m
[39m
[31m40 ERROR: [31m10605066 ArkTS Compiler Error
Error Message: "in" operator is not supported (arkts-no-in) At File: D:/GitHub/LanternLaw/entry/src/main/ets/models/EscapeAttempt.ets:31:19
[39m
[39m
[31m41 ERROR: [31m10605029 ArkTS Compiler Error
Error Message: Indexed access is not supported for fields (arkts-no-props-by-index) At File: D:/GitHub/LanternLaw/entry/src/main/ets/models/EscapeAttempt.ets:31:37
[39m
[39m
[31m42 ERROR: [31m10605029 ArkTS Compiler Error
Error Message: Indexed access is not supported for fields (arkts-no-props-by-index) At File: D:/GitHub/LanternLaw/entry/src/main/ets/models/EscapeAttempt.ets:32:25
[39m
[39m
[31m43 ERROR: [31m10605066 ArkTS Compiler Error
Error Message: "in" operator is not supported (arkts-no-in) At File: D:/GitHub/LanternLaw/entry/src/main/ets/models/EscapeAttempt.ets:34:17
[39m
[39m
[31m44 ERROR: [31m10605029 ArkTS Compiler Error
Error Message: Indexed access is not supported for fields (arkts-no-props-by-index) At File: D:/GitHub/LanternLaw/entry/src/main/ets/models/EscapeAttempt.ets:34:35
[39m
[39m
[31m45 ERROR: [31m10605029 ArkTS Compiler Error
Error Message: Indexed access is not supported for fields (arkts-no-props-by-index) At File: D:/GitHub/LanternLaw/entry/src/main/ets/models/EscapeAttempt.ets:35:23
[39m
[39m
[31m46 ERROR: [31m10605066 ArkTS Compiler Error
Error Message: "in" operator is not supported (arkts-no-in) At File: D:/GitHub/LanternLaw/entry/src/main/ets/models/EscapeAttempt.ets:37:28
[39m
[39m
[31m47 ERROR: [31m10605029 ArkTS Compiler Error
Error Message: Indexed access is not supported for fields (arkts-no-props-by-index) At File: D:/GitHub/LanternLaw/entry/src/main/ets/models/EscapeAttempt.ets:37:46
[39m
[39m
[31m48 ERROR: [31m10605029 ArkTS Compiler Error
Error Message: Indexed access is not supported for fields (arkts-no-props-by-index) At File: D:/GitHub/LanternLaw/entry/src/main/ets/models/EscapeAttempt.ets:38:34
[39m
[39m
[31m49 ERROR: [31m10605999 ArkTS Compiler Error
Error Message: Object is possibly 'null'. At File: D:/GitHub/LanternLaw/entry/src/main/ets/database/LanternLawDatabase.ets:342:15
[39m
[39m
[31m50 ERROR: [31m10605999 ArkTS Compiler Error
Error Message: Object is possibly 'null'. At File: D:/GitHub/LanternLaw/entry/src/main/ets/database/LanternLawDatabase.ets:360:15
[39m
[39m
[31m51 ERROR: [31m10605999 ArkTS Compiler Error
Error Message: Object is possibly 'null'. At File: D:/GitHub/LanternLaw/entry/src/main/ets/database/LanternLawDatabase.ets:389:13
[39m
[39m
[31m52 ERROR: [31m10605999 ArkTS Compiler Error
Error Message: Object is possibly 'null'. At File: D:/GitHub/LanternLaw/entry/src/main/ets/database/LanternLawDatabase.ets:392:13
[39m
[39m
[31m53 ERROR: [31m10605999 ArkTS Compiler Error
Error Message: Object is possibly 'null'. At File: D:/GitHub/LanternLaw/entry/src/main/ets/database/LanternLawDatabase.ets:398:13
[39m
[39m
[31m54 ERROR: [31m10605999 ArkTS Compiler Error
Error Message: Object is possibly 'null'. At File: D:/GitHub/LanternLaw/entry/src/main/ets/database/LanternLawDatabase.ets:399:13
[39m
[39m
[31m55 ERROR: [31m10605999 ArkTS Compiler Error
Error Message: Object is possibly 'null'. At File: D:/GitHub/LanternLaw/entry/src/main/ets/database/LanternLawDatabase.ets:402:13
[39m
[39m
[31m56 ERROR: [31m10605999 ArkTS Compiler Error
Error Message: Object is possibly 'null'. At File: D:/GitHub/LanternLaw/entry/src/main/ets/database/LanternLawDatabase.ets:406:13
[39m
[39m
[31m57 ERROR: [31m10605999 ArkTS Compiler Error
Error Message: Object is possibly 'null'. At File: D:/GitHub/LanternLaw/entry/src/main/ets/database/LanternLawDatabase.ets:407:13
[39m
[39m
[31m58 ERROR: [31m10605999 ArkTS Compiler Error
Error Message: Object is possibly 'null'. At File: D:/GitHub/LanternLaw/entry/src/main/ets/database/LanternLawDatabase.ets:429:31
[39m
[39m
[31m59 ERROR: [31m10605999 ArkTS Compiler Error
Error Message: Object is possibly 'null'. At File: D:/GitHub/LanternLaw/entry/src/main/ets/database/LanternLawDatabase.ets:450:31
[39m
[39m
[31m60 ERROR: [31m10605999 ArkTS Compiler Error
Error Message: Object is possibly 'null'. At File: D:/GitHub/LanternLaw/entry/src/main/ets/database/LanternLawDatabase.ets:481:11
[39m
[39m
[31m61 ERROR: [31m10605087 ArkTS Compiler Error
Error Message: "throw" statements cannot accept values of arbitrary types (arkts-limited-throw) At File: D:/GitHub/LanternLaw/entry/src/main/ets/database/LanternLawDatabase.ets:101:7
[39m
[39m
[31m62 ERROR: [31m10605038 ArkTS Compiler Error
Error Message: Object literal must correspond to some explicitly declared class or interface (arkts-no-untyped-obj-literals) At File: D:/GitHub/LanternLaw/entry/src/main/ets/database/LanternLawDatabase.ets:252:37
[39m
[39m
[31m63 ERROR: [31m10605038 ArkTS Compiler Error
Error Message: Object literal must correspond to some explicitly declared class or interface (arkts-no-untyped-obj-literals) At File: D:/GitHub/LanternLaw/entry/src/main/ets/database/LanternLawDatabase.ets:303:39
[39m
[39m
[31m64 ERROR: [31m10605040 ArkTS Compiler Error
Error Message: Object literals cannot be used as type declarations (arkts-no-obj-literals-as-types) At File: D:/GitHub/LanternLaw/entry/src/main/ets/utils/TimeUtils.ets:14:47
[39m
[39m
[31m65 ERROR: [31m10605040 ArkTS Compiler Error
Error Message: Object literals cannot be used as type declarations (arkts-no-obj-literals-as-types) At File: D:/GitHub/LanternLaw/entry/src/main/ets/utils/TimeUtils.ets:27:19
[39m
[39m
[31m66 ERROR: [31m10605038 ArkTS Compiler Error
Error Message: Object literal must correspond to some explicitly declared class or interface (arkts-no-untyped-obj-literals) At File: D:/GitHub/LanternLaw/entry/src/main/ets/utils/TimeUtils.ets:27:58
[39m
[39m
[31m67 ERROR: [31m10605093 ArkTS Compiler Error
Error Message: Using "this" inside stand-alone functions is not supported (arkts-no-standalone-this) At File: D:/GitHub/LanternLaw/entry/src/main/ets/utils/TimeUtils.ets:51:12
[39m
[39m
[31m68 ERROR: [31m10605093 ArkTS Compiler Error
Error Message: Using "this" inside stand-alone functions is not supported (arkts-no-standalone-this) At File: D:/GitHub/LanternLaw/entry/src/main/ets/utils/TimeUtils.ets:61:19
[39m
[39m
[31m69 ERROR: [31m10605093 ArkTS Compiler Error
Error Message: Using "this" inside stand-alone functions is not supported (arkts-no-standalone-this) At File: D:/GitHub/LanternLaw/entry/src/main/ets/utils/TimeUtils.ets:62:17
[39m
[39m
[31m70 ERROR: [31m10605093 ArkTS Compiler Error
Error Message: Using "this" inside stand-alone functions is not supported (arkts-no-standalone-this) At File: D:/GitHub/LanternLaw/entry/src/main/ets/utils/TimeUtils.ets:80:19
[39m
[39m
[31m71 ERROR: [31m10605093 ArkTS Compiler Error
Error Message: Using "this" inside stand-alone functions is not supported (arkts-no-standalone-this) At File: D:/GitHub/LanternLaw/entry/src/main/ets/utils/TimeUtils.ets:81:17
[39m
[39m
[31m72 ERROR: [31m10605093 ArkTS Compiler Error
Error Message: Using "this" inside stand-alone functions is not supported (arkts-no-standalone-this) At File: D:/GitHub/LanternLaw/entry/src/main/ets/utils/ErrorHandler.ets:17:26
[39m
[39m
[31m73 ERROR: [31m10605008 ArkTS Compiler Error
Error Message: Use explicit types instead of "any", "unknown" (arkts-no-any-unknown) At File: D:/GitHub/LanternLaw/entry/src/main/ets/utils/ErrorHandler.ets:16:77
[39m
[39m
[31m74 ERROR: [31m10605093 ArkTS Compiler Error
Error Message: Using "this" inside stand-alone functions is not supported (arkts-no-standalone-this) At File: D:/GitHub/LanternLaw/entry/src/main/ets/utils/ErrorHandler.ets:35:26
[39m
[39m
[31m75 ERROR: [31m10605008 ArkTS Compiler Error
Error Message: Use explicit types instead of "any", "unknown" (arkts-no-any-unknown) At File: D:/GitHub/LanternLaw/entry/src/main/ets/utils/ErrorHandler.ets:34:76
[39m
[39m
[31m76 ERROR: [31m10605093 ArkTS Compiler Error
Error Message: Using "this" inside stand-alone functions is not supported (arkts-no-standalone-this) At File: D:/GitHub/LanternLaw/entry/src/main/ets/utils/ErrorHandler.ets:60:7
[39m
[39m
[31m77 ERROR: [31m10605093 ArkTS Compiler Error
Error Message: Using "this" inside stand-alone functions is not supported (arkts-no-standalone-this) At File: D:/GitHub/LanternLaw/entry/src/main/ets/utils/ErrorHandler.ets:80:7
[39m
[39m
[31m78 ERROR: [31m10605008 ArkTS Compiler Error
Error Message: Use explicit types instead of "any", "unknown" (arkts-no-any-unknown) At File: D:/GitHub/LanternLaw/entry/src/main/ets/utils/ErrorHandler.ets:91:87
[39m
[39m
[31m79 ERROR: [31m10605093 ArkTS Compiler Error
Error Message: Using "this" inside stand-alone functions is not supported (arkts-no-standalone-this) At File: D:/GitHub/LanternLaw/entry/src/main/ets/utils/ErrorHandler.ets:127:5
[39m
[39m
[31m80 ERROR: [31m10605093 ArkTS Compiler Error
Error Message: Using "this" inside stand-alone functions is not supported (arkts-no-standalone-this) At File: D:/GitHub/LanternLaw/entry/src/main/ets/utils/ErrorHandler.ets:144:5
[39m
[39m
[31m81 ERROR: [31m10605999 ArkTS Compiler Error
Error Message: Cannot invoke an object which is possibly 'null'. At File: D:/GitHub/LanternLaw/entry/src/main/ets/utils/TimerWorker.ets:46:15
[39m
[39m
[31m82 ERROR: [31m10605999 ArkTS Compiler Error
Error Message: Object is possibly 'null'. At File: D:/GitHub/LanternLaw/entry/src/main/ets/utils/TimerWorker.ets:72:9
[39m
[39m
[31m83 ERROR: [31m10605999 ArkTS Compiler Error
Error Message: Object is possibly 'null'. At File: D:/GitHub/LanternLaw/entry/src/main/ets/utils/TimerWorker.ets:80:9
[39m
[39m
[31m84 ERROR: [31m10605008 ArkTS Compiler Error
Error Message: Use explicit types instead of "any", "unknown" (arkts-no-any-unknown) At File: D:/GitHub/LanternLaw/entry/src/main/ets/utils/TimerWorker.ets:40:15
[39m
[39m
[31m85 ERROR: [31m10605008 ArkTS Compiler Error
Error Message: Use explicit types instead of "any", "unknown" (arkts-no-any-unknown) At File: D:/GitHub/LanternLaw/entry/src/main/ets/utils/TimerWorker.ets:85:14
[39m
[39m
[31m86 ERROR: [31m10605038 ArkTS Compiler Error
Error Message: Object literal must correspond to some explicitly declared class or interface (arkts-no-untyped-obj-literals) At File: D:/GitHub/LanternLaw/entry/src/main/ets/utils/TimerWorker.ets:95:16
[39m
[39m
[31m87 ERROR: [31m10605090 ArkTS Compiler Error
Error Message: Function return type inference is limited (arkts-no-implicit-return-types) At File: D:/GitHub/LanternLaw/entry/src/main/ets/utils/TimerWorker.ets:96:5
[39m
[39m
[31m88 ERROR: [31m10605008 ArkTS Compiler Error
Error Message: Use explicit types instead of "any", "unknown" (arkts-no-any-unknown) At File: D:/GitHub/LanternLaw/entry/src/main/ets/utils/TimerWorker.ets:96:9
[39m
[39m
[31m89 ERROR: [31m10605008 ArkTS Compiler Error
Error Message: Use explicit types instead of "any", "unknown" (arkts-no-any-unknown) At File: D:/GitHub/LanternLaw/entry/src/main/ets/utils/TimerWorker.ets:96:10
[39m
[39m
[31m90 ERROR: [31m10605038 ArkTS Compiler Error
Error Message: Object literal must correspond to some explicitly declared class or interface (arkts-no-untyped-obj-literals) At File: D:/GitHub/LanternLaw/entry/src/main/ets/utils/TimerWorker.ets:136:19
[39m
[39m
[31m91 ERROR: [31m10605008 ArkTS Compiler Error
Error Message: Use explicit types instead of "any", "unknown" (arkts-no-any-unknown) At File: D:/GitHub/LanternLaw/entry/src/main/ets/utils/DelayedTask.ets:31:20
[39m
[39m
[31m92 ERROR: [31m10605038 ArkTS Compiler Error
Error Message: Object literal must correspond to some explicitly declared class or interface (arkts-no-untyped-obj-literals) At File: D:/GitHub/LanternLaw/entry/src/main/ets/managers/DeviceLockManager.ets:71:34
[39m
[39m
[31m93 ERROR: [31m10605008 ArkTS Compiler Error
Error Message: Use explicit types instead of "any", "unknown" (arkts-no-any-unknown) At File: D:/GitHub/LanternLaw/entry/src/main/ets/managers/DeviceLockManager.ets:100:11
[39m
[39m
[31m94 ERROR: [31m10605038 ArkTS Compiler Error
Error Message: Object literal must correspond to some explicitly declared class or interface (arkts-no-untyped-obj-literals) At File: D:/GitHub/LanternLaw/entry/src/main/ets/managers/DeviceLockManager.ets:131:55
[39m
[39m
[31m95 ERROR: [31m10605087 ArkTS Compiler Error
Error Message: "throw" statements cannot accept values of arbitrary types (arkts-limited-throw) At File: D:/GitHub/LanternLaw/entry/src/main/ets/managers/DeviceLockManager.ets:139:7
[39m
[39m
[31m96 ERROR: [31m10605038 ArkTS Compiler Error
Error Message: Object literal must correspond to some explicitly declared class or interface (arkts-no-untyped-obj-literals) At File: D:/GitHub/LanternLaw/entry/src/main/ets/managers/DeviceLockManager.ets:163:56
[39m
[39m
[31m97 ERROR: [31m10605087 ArkTS Compiler Error
Error Message: "throw" statements cannot accept values of arbitrary types (arkts-limited-throw) At File: D:/GitHub/LanternLaw/entry/src/main/ets/managers/DeviceLockManager.ets:165:9
[39m
[39m
[31m98 ERROR: [31m10605038 ArkTS Compiler Error
Error Message: Object literal must correspond to some explicitly declared class or interface (arkts-no-untyped-obj-literals) At File: D:/GitHub/LanternLaw/entry/src/main/ets/managers/DeviceLockManager.ets:180:22
[39m
[39m
[31m99 ERROR: [31m10605038 ArkTS Compiler Error
Error Message: Object literal must correspond to some explicitly declared class or interface (arkts-no-untyped-obj-literals) At File: D:/GitHub/LanternLaw/entry/src/main/ets/managers/DeviceLockManager.ets:182:52
[39m
[39m
[31m100 ERROR: [31m10605008 ArkTS Compiler Error
Error Message: Use explicit types instead of "any", "unknown" (arkts-no-any-unknown) At File: D:/GitHub/LanternLaw/entry/src/main/ets/managers/DeviceLockManager.ets:227:11
[39m
[39m
[31m101 ERROR: [31m10605008 ArkTS Compiler Error
Error Message: Use explicit types instead of "any", "unknown" (arkts-no-any-unknown) At File: D:/GitHub/LanternLaw/entry/src/main/ets/managers/DeviceLockManager.ets:290:11
[39m
[39m
[31m102 ERROR: [31m10605038 ArkTS Compiler Error
Error Message: Object literal must correspond to some explicitly declared class or interface (arkts-no-untyped-obj-literals) At File: D:/GitHub/LanternLaw/entry/src/main/ets/managers/DeviceLockManager.ets:370:69
[39m
[39m
[31m103 ERROR: [31m10605038 ArkTS Compiler Error
Error Message: Object literal must correspond to some explicitly declared class or interface (arkts-no-untyped-obj-literals) At File: D:/GitHub/LanternLaw/entry/src/main/ets/managers/DeviceLockManager.ets:375:51
[39m
[39m
[31m104 ERROR: [31m10605008 ArkTS Compiler Error
Error Message: Use explicit types instead of "any", "unknown" (arkts-no-any-unknown) At File: D:/GitHub/LanternLaw/entry/src/main/ets/managers/DeviceLockManager.ets:398:11
[39m
[39m
[31m105 ERROR: [31m10605038 ArkTS Compiler Error
Error Message: Object literal must correspond to some explicitly declared class or interface (arkts-no-untyped-obj-literals) At File: D:/GitHub/LanternLaw/entry/src/main/ets/managers/DeviceLockManager.ets:412:48
[39m
[39m
[31m106 ERROR: [31m10605087 ArkTS Compiler Error
Error Message: "throw" statements cannot accept values of arbitrary types (arkts-limited-throw) At File: D:/GitHub/LanternLaw/entry/src/main/ets/managers/DeviceLockManager.ets:428:7
[39m
[39m
[31m107 ERROR: [31m10605008 ArkTS Compiler Error
Error Message: Use explicit types instead of "any", "unknown" (arkts-no-any-unknown) At File: D:/GitHub/LanternLaw/entry/src/main/ets/managers/DeviceLockManager.ets:441:11
[39m
[39m
[31m108 ERROR: [31m10605038 ArkTS Compiler Error
Error Message: Object literal must correspond to some explicitly declared class or interface (arkts-no-untyped-obj-literals) At File: D:/GitHub/LanternLaw/entry/src/main/ets/managers/DeviceLockManager.ets:457:52
[39m
[39m
[31m109 ERROR: [31m10605008 ArkTS Compiler Error
Error Message: Use explicit types instead of "any", "unknown" (arkts-no-any-unknown) At File: D:/GitHub/LanternLaw/entry/src/main/ets/managers/DeviceLockManager.ets:486:11
[39m
[39m
[31m110 ERROR: [31m10605038 ArkTS Compiler Error
Error Message: Object literal must correspond to some explicitly declared class or interface (arkts-no-untyped-obj-literals) At File: D:/GitHub/LanternLaw/entry/src/main/ets/managers/DeviceLockManager.ets:494:52
[39m
[39m
[31m111 ERROR: [31m10605008 ArkTS Compiler Error
Error Message: Use explicit types instead of "any", "unknown" (arkts-no-any-unknown) At File: D:/GitHub/LanternLaw/entry/src/main/ets/managers/DeviceLockManager.ets:522:13
[39m
[39m
[31m112 ERROR: [31m10605038 ArkTS Compiler Error
Error Message: Object literal must correspond to some explicitly declared class or interface (arkts-no-untyped-obj-literals) At File: D:/GitHub/LanternLaw/entry/src/main/ets/managers/DeviceLockManager.ets:529:55
[39m
[39m
[31m113 ERROR: [31m10605038 ArkTS Compiler Error
Error Message: Object literal must correspond to some explicitly declared class or interface (arkts-no-untyped-obj-literals) At File: D:/GitHub/LanternLaw/entry/src/main/ets/managers/DeviceLockManager.ets:540:48
[39m
[39m
[31m114 ERROR: [31m10605038 ArkTS Compiler Error
Error Message: Object literal must correspond to some explicitly declared class or interface (arkts-no-untyped-obj-literals) At File: D:/GitHub/LanternLaw/entry/src/main/ets/managers/DeviceLockManager.ets:547:60
[39m
[39m
[31m115 ERROR: [31m10605040 ArkTS Compiler Error
Error Message: Object literals cannot be used as type declarations (arkts-no-obj-literals-as-types) At File: D:/GitHub/LanternLaw/entry/src/main/ets/managers/DeviceLockManager.ets:557:40
[39m
[39m
[31m116 ERROR: [31m10605038 ArkTS Compiler Error
Error Message: Object literal must correspond to some explicitly declared class or interface (arkts-no-untyped-obj-literals) At File: D:/GitHub/LanternLaw/entry/src/main/ets/managers/DeviceLockManager.ets:558:50
[39m
[39m
[31m117 ERROR: [31m10605038 ArkTS Compiler Error
Error Message: Object literal must correspond to some explicitly declared class or interface (arkts-no-untyped-obj-literals) At File: D:/GitHub/LanternLaw/entry/src/main/ets/managers/DeviceLockManager.ets:565:60
[39m
[39m
[31m118 ERROR: [31m10605038 ArkTS Compiler Error
Error Message: Object literal must correspond to some explicitly declared class or interface (arkts-no-untyped-obj-literals) At File: D:/GitHub/LanternLaw/entry/src/main/ets/managers/DeviceLockManager.ets:576:50
[39m
[39m
[31m119 ERROR: [31m10605038 ArkTS Compiler Error
Error Message: Object literal must correspond to some explicitly declared class or interface (arkts-no-untyped-obj-literals) At File: D:/GitHub/LanternLaw/entry/src/main/ets/managers/DeviceLockManager.ets:586:56
[39m
[39m
[31m120 ERROR: [31m10605038 ArkTS Compiler Error
Error Message: Object literal must correspond to some explicitly declared class or interface (arkts-no-untyped-obj-literals) At File: D:/GitHub/LanternLaw/entry/src/main/ets/managers/DeviceLockManager.ets:602:52
[39m
[39m
[31m121 ERROR: [31m10605038 ArkTS Compiler Error
Error Message: Object literal must correspond to some explicitly declared class or interface (arkts-no-untyped-obj-literals) At File: D:/GitHub/LanternLaw/entry/src/main/ets/managers/DeviceLockManager.ets:612:60
[39m
[39m
[31m122 ERROR: [31m10605038 ArkTS Compiler Error
Error Message: Object literal must correspond to some explicitly declared class or interface (arkts-no-untyped-obj-literals) At File: D:/GitHub/LanternLaw/entry/src/main/ets/managers/DeviceLockManager.ets:624:49
[39m
[39m
[31m123 ERROR: [31m10605038 ArkTS Compiler Error
Error Message: Object literal must correspond to some explicitly declared class or interface (arkts-no-untyped-obj-literals) At File: D:/GitHub/LanternLaw/entry/src/main/ets/managers/DeviceLockManager.ets:635:51
[39m
[39m
[31m124 ERROR: [31m10605008 ArkTS Compiler Error
Error Message: Use explicit types instead of "any", "unknown" (arkts-no-any-unknown) At File: D:/GitHub/LanternLaw/entry/src/main/ets/managers/DeviceLockManager.ets:651:11
[39m
[39m
[31m125 ERROR: [31m10605038 ArkTS Compiler Error
Error Message: Object literal must correspond to some explicitly declared class or interface (arkts-no-untyped-obj-literals) At File: D:/GitHub/LanternLaw/entry/src/main/ets/managers/DeviceLockManager.ets:665:60
[39m
[39m
[31m126 ERROR: [31m10605999 ArkTS Compiler Error
Error Message: Type 'void & Promise<RunningLock>' is not assignable to type 'RunningLock | null'. At File: D:/GitHub/LanternLaw/entry/src/main/ets/services/BackgroundKeepAlive.ets:264:7
[39m
[39m
[31m127 ERROR: [31m10605087 ArkTS Compiler Error
Error Message: "throw" statements cannot accept values of arbitrary types (arkts-limited-throw) At File: D:/GitHub/LanternLaw/entry/src/main/ets/services/BackgroundKeepAlive.ets:101:7
[39m
[39m
[31m128 ERROR: [31m10605087 ArkTS Compiler Error
Error Message: "throw" statements cannot accept values of arbitrary types (arkts-limited-throw) At File: D:/GitHub/LanternLaw/entry/src/main/ets/services/BackgroundKeepAlive.ets:119:7
[39m
[39m
[31m129 ERROR: [31m10605087 ArkTS Compiler Error
Error Message: "throw" statements cannot accept values of arbitrary types (arkts-limited-throw) At File: D:/GitHub/LanternLaw/entry/src/main/ets/services/BackgroundKeepAlive.ets:156:7
[39m
[39m
[31m130 ERROR: [31m10605087 ArkTS Compiler Error
Error Message: "throw" statements cannot accept values of arbitrary types (arkts-limited-throw) At File: D:/GitHub/LanternLaw/entry/src/main/ets/services/BackgroundKeepAlive.ets:191:7
[39m
[39m
[31m131 ERROR: [31m10605087 ArkTS Compiler Error
Error Message: "throw" statements cannot accept values of arbitrary types (arkts-limited-throw) At File: D:/GitHub/LanternLaw/entry/src/main/ets/services/BackgroundKeepAlive.ets:229:7
[39m
[39m
[31m132 ERROR: [31m10605034 ArkTS Compiler Error
Error Message: Type inference in case of generic function calls is limited (arkts-no-inferred-generic-params) At File: D:/GitHub/LanternLaw/entry/src/main/ets/services/BackgroundKeepAlive.ets:288:13
[39m
[39m
[31m133 ERROR: [31m10605008 ArkTS Compiler Error
Error Message: Use explicit types instead of "any", "unknown" (arkts-no-any-unknown) At File: D:/GitHub/LanternLaw/entry/src/main/ets/services/BackgroundKeepAlive.ets:308:34
[39m
[39m
[31m134 ERROR: [31m10605999 ArkTS Compiler Error
Error Message: Object is possibly 'null'. At File: D:/GitHub/LanternLaw/entry/src/main/ets/managers/LanternLawStateManager.ets:160:9
[39m
[39m
[31m135 ERROR: [31m10605999 ArkTS Compiler Error
Error Message: Argument of type 'DailyRecord | null' is not assignable to parameter of type 'DailyRecord'.
  Type 'null' is not assignable to type 'DailyRecord'. At File: D:/GitHub/LanternLaw/entry/src/main/ets/managers/LanternLawStateManager.ets:161:45
[39m
[39m
[31m136 ERROR: [31m10605150 ArkTS Compiler Error
Error Message: "import" statements after other statements are not allowed (arkts-no-misplaced-imports) At File: D:/GitHub/LanternLaw/entry/src/main/ets/managers/LanternLawStateManager.ets:18:1
[39m
[39m
[31m137 ERROR: [31m10605150 ArkTS Compiler Error
Error Message: "import" statements after other statements are not allowed (arkts-no-misplaced-imports) At File: D:/GitHub/LanternLaw/entry/src/main/ets/managers/LanternLawStateManager.ets:19:1
[39m
[39m
[31m138 ERROR: [31m10605150 ArkTS Compiler Error
Error Message: "import" statements after other statements are not allowed (arkts-no-misplaced-imports) At File: D:/GitHub/LanternLaw/entry/src/main/ets/managers/LanternLawStateManager.ets:20:1
[39m
[39m
[31m139 ERROR: [31m10605150 ArkTS Compiler Error
Error Message: "import" statements after other statements are not allowed (arkts-no-misplaced-imports) At File: D:/GitHub/LanternLaw/entry/src/main/ets/managers/LanternLawStateManager.ets:21:1
[39m
[39m
[31m140 ERROR: [31m10605150 ArkTS Compiler Error
Error Message: "import" statements after other statements are not allowed (arkts-no-misplaced-imports) At File: D:/GitHub/LanternLaw/entry/src/main/ets/managers/LanternLawStateManager.ets:22:1
[39m
[39m
[31m141 ERROR: [31m10605150 ArkTS Compiler Error
Error Message: "import" statements after other statements are not allowed (arkts-no-misplaced-imports) At File: D:/GitHub/LanternLaw/entry/src/main/ets/managers/LanternLawStateManager.ets:23:1
[39m
[39m
[31m142 ERROR: [31m10605150 ArkTS Compiler Error
Error Message: "import" statements after other statements are not allowed (arkts-no-misplaced-imports) At File: D:/GitHub/LanternLaw/entry/src/main/ets/managers/LanternLawStateManager.ets:24:1
[39m
[39m
[31m143 ERROR: [31m10605150 ArkTS Compiler Error
Error Message: "import" statements after other statements are not allowed (arkts-no-misplaced-imports) At File: D:/GitHub/LanternLaw/entry/src/main/ets/managers/LanternLawStateManager.ets:25:1
[39m
[39m
[31m144 ERROR: [31m10605150 ArkTS Compiler Error
Error Message: "import" statements after other statements are not allowed (arkts-no-misplaced-imports) At File: D:/GitHub/LanternLaw/entry/src/main/ets/managers/LanternLawStateManager.ets:26:1
[39m
[39m
[31m145 ERROR: [31m10605150 ArkTS Compiler Error
Error Message: "import" statements after other statements are not allowed (arkts-no-misplaced-imports) At File: D:/GitHub/LanternLaw/entry/src/main/ets/managers/LanternLawStateManager.ets:27:1
[39m
[39m
[31m146 ERROR: [31m10605038 ArkTS Compiler Error
Error Message: Object literal must correspond to some explicitly declared class or interface (arkts-no-untyped-obj-literals) At File: D:/GitHub/LanternLaw/entry/src/main/ets/managers/DataStatisticsManager.ets:140:47
[39m
[39m
[31m147 ERROR: [31m10605038 ArkTS Compiler Error
Error Message: Object literal must correspond to some explicitly declared class or interface (arkts-no-untyped-obj-literals) At File: D:/GitHub/LanternLaw/entry/src/main/ets/managers/DataStatisticsManager.ets:159:47
[39m
[39m
[31m148 ERROR: [31m10605043 ArkTS Compiler Error
Error Message: Array literals must contain elements of only inferrable types (arkts-no-noninferrable-arr-literals) At File: D:/GitHub/LanternLaw/entry/src/main/ets/managers/AchievementManager.ets:22:50
[39m
[39m
[31m149 ERROR: [31m10605038 ArkTS Compiler Error
Error Message: Object literal must correspond to some explicitly declared class or interface (arkts-no-untyped-obj-literals) At File: D:/GitHub/LanternLaw/entry/src/main/ets/managers/AchievementManager.ets:24:5
[39m
[39m
[31m150 ERROR: [31m10605038 ArkTS Compiler Error
Error Message: Object literal must correspond to some explicitly declared class or interface (arkts-no-untyped-obj-literals) At File: D:/GitHub/LanternLaw/entry/src/main/ets/managers/AchievementManager.ets:34:5
[39m
[39m
[31m151 ERROR: [31m10605038 ArkTS Compiler Error
Error Message: Object literal must correspond to some explicitly declared class or interface (arkts-no-untyped-obj-literals) At File: D:/GitHub/LanternLaw/entry/src/main/ets/managers/AchievementManager.ets:44:5
[39m
[39m
[31m152 ERROR: [31m10605038 ArkTS Compiler Error
Error Message: Object literal must correspond to some explicitly declared class or interface (arkts-no-untyped-obj-literals) At File: D:/GitHub/LanternLaw/entry/src/main/ets/managers/AchievementManager.ets:54:5
[39m
[39m
[31m153 ERROR: [31m10605038 ArkTS Compiler Error
Error Message: Object literal must correspond to some explicitly declared class or interface (arkts-no-untyped-obj-literals) At File: D:/GitHub/LanternLaw/entry/src/main/ets/managers/AchievementManager.ets:65:5
[39m
[39m
[31m154 ERROR: [31m10605038 ArkTS Compiler Error
Error Message: Object literal must correspond to some explicitly declared class or interface (arkts-no-untyped-obj-literals) At File: D:/GitHub/LanternLaw/entry/src/main/ets/managers/AchievementManager.ets:75:5
[39m
[39m
[31m155 ERROR: [31m10605038 ArkTS Compiler Error
Error Message: Object literal must correspond to some explicitly declared class or interface (arkts-no-untyped-obj-literals) At File: D:/GitHub/LanternLaw/entry/src/main/ets/managers/AchievementManager.ets:85:5
[39m
[39m
[31m156 ERROR: [31m10605038 ArkTS Compiler Error
Error Message: Object literal must correspond to some explicitly declared class or interface (arkts-no-untyped-obj-literals) At File: D:/GitHub/LanternLaw/entry/src/main/ets/managers/AchievementManager.ets:95:5
[39m
[39m
[31m157 ERROR: [31m10605040 ArkTS Compiler Error
Error Message: Object literals cannot be used as type declarations (arkts-no-obj-literals-as-types) At File: D:/GitHub/LanternLaw/entry/src/main/ets/managers/AchievementManager.ets:171:32
[39m
[39m
[31m158 ERROR: [31m10605038 ArkTS Compiler Error
Error Message: Object literal must correspond to some explicitly declared class or interface (arkts-no-untyped-obj-literals) At File: D:/GitHub/LanternLaw/entry/src/main/ets/managers/AchievementManager.ets:174:12
[39m
[39m
[31m159 ERROR: [31m10605038 ArkTS Compiler Error
Error Message: Object literal must correspond to some explicitly declared class or interface (arkts-no-untyped-obj-literals) At File: D:/GitHub/LanternLaw/entry/src/main/ets/pages/Index.ets:40:29
[39m
[39m
[31m160 ERROR: [31m10605038 ArkTS Compiler Error
Error Message: Object literal must correspond to some explicitly declared class or interface (arkts-no-untyped-obj-literals) At File: D:/GitHub/LanternLaw/entry/src/main/ets/pages/SettingsPage.ets:34:29
[39m
[39m
[31m161 ERROR: [31m10605008 ArkTS Compiler Error
Error Message: Use explicit types instead of "any", "unknown" (arkts-no-any-unknown) At File: D:/GitHub/LanternLaw/entry/src/main/ets/pages/SettingsPage.ets:485:13
[39m
[39m
[31m162 ERROR: [31m10605038 ArkTS Compiler Error
Error Message: Object literal must correspond to some explicitly declared class or interface (arkts-no-untyped-obj-literals) At File: D:/GitHub/LanternLaw/entry/src/main/ets/pages/SettingsPage.ets:504:40
[39m
[39m
[31m163 ERROR: [31m10605008 ArkTS Compiler Error
Error Message: Use explicit types instead of "any", "unknown" (arkts-no-any-unknown) At File: D:/GitHub/LanternLaw/entry/src/main/ets/pages/SettingsPage.ets:538:13
[39m
[39m
[31m164 ERROR: [31m10605038 ArkTS Compiler Error
Error Message: Object literal must correspond to some explicitly declared class or interface (arkts-no-untyped-obj-literals) At File: D:/GitHub/LanternLaw/entry/src/main/ets/pages/StatsPage.ets:30:29
[39m
[39m
[31m165 ERROR: [31m10505001 ArkTS Compiler Error
Error Message: Declaration or statement expected. At File: D:/GitHub/LanternLaw/entry/src/main/ets/database/LanternLawDatabase.ets:386:3
[39m
[39m
[31m166 ERROR: [31m10505001 ArkTS Compiler Error
Error Message: ',' expected. At File: D:/GitHub/LanternLaw/entry/src/main/ets/pages/SettingsPage.ets:230:26
[39m
[39m
[31m167 ERROR: [31m10505001 ArkTS Compiler Error
Error Message: ',' expected. At File: D:/GitHub/LanternLaw/entry/src/main/ets/pages/SettingsPage.ets:280:24
[39m
[39m
[31m168 ERROR: [31m10505001 ArkTS Compiler Error
Error Message: ',' expected. At File: D:/GitHub/LanternLaw/entry/src/main/ets/pages/SettingsPage.ets:350:22
[39m
[39m
[31m169 ERROR: [31m10505001 ArkTS Compiler Error
Error Message: ',' expected. At File: D:/GitHub/LanternLaw/entry/src/main/ets/pages/SettingsPage.ets:422:22
[39m
[39m
[31m170 ERROR: [31m10505001 ArkTS Compiler Error
Error Message: ',' expected. At File: D:/GitHub/LanternLaw/entry/src/main/ets/pages/StatsPage.ets:292:30
[39m
[39m
[31m171 ERROR: [31m10505001 ArkTS Compiler Error
Error Message: 'catch' or 'finally' expected. At File: D:/GitHub/LanternLaw/entry/src/main/ets/utils/TimerWorker.ets:68:8
[39m
[39m
[31m172 ERROR: [31m10505001 ArkTS Compiler Error
Error Message: ';' expected. At File: D:/GitHub/LanternLaw/entry/src/main/ets/utils/TimerWorker.ets:95:9
[39m
[39m
[31m173 ERROR: [31m10505001 ArkTS Compiler Error
Error Message: Identifier expected. At File: D:/GitHub/LanternLaw/entry/src/main/ets/utils/TimerWorker.ets:96:9
[39m
[39m
[31m174 ERROR: [31m10505001 ArkTS Compiler Error
Error Message: ',' expected. At File: D:/GitHub/LanternLaw/entry/src/main/ets/utils/TimerWorker.ets:96:14
[39m
[39m
[31m175 ERROR: [31m10505001 ArkTS Compiler Error
Error Message: ',' expected. At File: D:/GitHub/LanternLaw/entry/src/main/ets/utils/TimerWorker.ets:96:24
[39m
[39m
[31m176 ERROR: [31m10505001 ArkTS Compiler Error
Error Message: Property assignment expected. At File: D:/GitHub/LanternLaw/entry/src/main/ets/utils/TimerWorker.ets:96:26
[39m
[39m
[31m177 ERROR: [31m10505001 ArkTS Compiler Error
Error Message: Declaration or statement expected. At File: D:/GitHub/LanternLaw/entry/src/main/ets/utils/TimerWorker.ets:123:3
[39m
[39m
[31m178 ERROR: [31m10505001 ArkTS Compiler Error
Error Message: ';' expected. At File: D:/GitHub/LanternLaw/entry/src/main/ets/utils/TimerWorker.ets:129:13
[39m
[39m
[31m179 ERROR: [31m10505001 ArkTS Compiler Error
Error Message: Unexpected keyword or identifier. At File: D:/GitHub/LanternLaw/entry/src/main/ets/utils/TimerWorker.ets:129:15
[39m
[39m
[31m180 ERROR: [31m10505001 ArkTS Compiler Error
Error Message: ';' expected. At File: D:/GitHub/LanternLaw/entry/src/main/ets/utils/TimerWorker.ets:136:12
[39m
[39m
[31m181 ERROR: [31m10505001 ArkTS Compiler Error
Error Message: ':' expected. At File: D:/GitHub/LanternLaw/entry/src/main/ets/utils/TimerWorker.ets:137:9
[39m
[39m
[31m182 ERROR: [31m10505001 ArkTS Compiler Error
Error Message: ',' expected. At File: D:/GitHub/LanternLaw/entry/src/main/ets/utils/TimerWorker.ets:137:16
[39m
[39m
[31m183 ERROR: [31m10505001 ArkTS Compiler Error
Error Message: Declaration or statement expected. At File: D:/GitHub/LanternLaw/entry/src/main/ets/utils/TimerWorker.ets:139:1
[39m
[39m
[31m184 ERROR: [31m10505001 ArkTS Compiler Error
Error Message: Expected 1 arguments, but got 2. At File: D:/GitHub/LanternLaw/entry/src/main/ets/components/LanternSystem.ets:147:58
[39m
[39m
[31m185 ERROR: [31m10505001 ArkTS Compiler Error
Error Message: Type 'string | Object' is not assignable to type 'string'.
  Type 'Object' is not assignable to type 'string'. At File: D:/GitHub/LanternLaw/entry/src/main/ets/models/DailyRecord.ets:49:5
[39m
[39m
[31m186 ERROR: [31m10505001 ArkTS Compiler Error
Error Message: Type 'number | Object' is not assignable to type 'number'.
  Type 'Object' is not assignable to type 'number'. At File: D:/GitHub/LanternLaw/entry/src/main/ets/models/DailyRecord.ets:50:5
[39m
[39m
[31m187 ERROR: [31m10505001 ArkTS Compiler Error
Error Message: Type 'string | Object' is not assignable to type 'string'.
  Type 'Object' is not assignable to type 'string'. At File: D:/GitHub/LanternLaw/entry/src/main/ets/models/DailyRecord.ets:51:5
[39m
[39m
[31m188 ERROR: [31m10505001 ArkTS Compiler Error
Error Message: Type 'number | Object' is not assignable to type 'number'.
  Type 'Object' is not assignable to type 'number'. At File: D:/GitHub/LanternLaw/entry/src/main/ets/models/DailyRecord.ets:53:5
[39m
[39m
[31m189 ERROR: [31m10505001 ArkTS Compiler Error
Error Message: Type 'number | Object' is not assignable to type 'number'.
  Type 'Object' is not assignable to type 'number'. At File: D:/GitHub/LanternLaw/entry/src/main/ets/models/DailyRecord.ets:55:5
[39m
[39m
[31m190 ERROR: [31m10505001 ArkTS Compiler Error
Error Message: Type 'number | Object' is not assignable to type 'number'.
  Type 'Object' is not assignable to type 'number'. At File: D:/GitHub/LanternLaw/entry/src/main/ets/models/DailyRecord.ets:57:5
[39m
[39m
[31m191 ERROR: [31m10505001 ArkTS Compiler Error
Error Message: Type 'number | Object' is not assignable to type 'number'.
  Type 'Object' is not assignable to type 'number'. At File: D:/GitHub/LanternLaw/entry/src/main/ets/models/DailyRecord.ets:58:5
[39m
[39m
[31m192 ERROR: [31m10505001 ArkTS Compiler Error
Error Message: Type 'boolean | Object' is not assignable to type 'boolean'.
  Type 'Object' is not assignable to type 'boolean'. At File: D:/GitHub/LanternLaw/entry/src/main/ets/models/DailyRecord.ets:59:5
[39m
[39m
[31m193 ERROR: [31m10505001 ArkTS Compiler Error
Error Message: Type 'number | Object' is not assignable to type 'number'.
  Type 'Object' is not assignable to type 'number'. At File: D:/GitHub/LanternLaw/entry/src/main/ets/models/DailyRecord.ets:60:5
[39m
[39m
[31m194 ERROR: [31m10505001 ArkTS Compiler Error
Error Message: Type 'number | Object' is not assignable to type 'number'.
  Type 'Object' is not assignable to type 'number'. At File: D:/GitHub/LanternLaw/entry/src/main/ets/models/DailyRecord.ets:61:5
[39m
[39m
[31m195 ERROR: [31m10505001 ArkTS Compiler Error
Error Message: Argument of type 'Record<string, Object>' is not assignable to parameter of type 'ValuesBucket'.
  'string' index signatures are incompatible.
    Type 'Object' is not assignable to type 'ValueType'.
      The 'Object' type is assignable to very few other types. Did you mean to use the 'any' type instead?
        The 'Object' type is assignable to very few other types. Did you mean to use the 'any' type instead?
          Type 'Object' is missing the following properties from type 'Float32Array': BYTES_PER_ELEMENT, buffer, byteLength, byteOffset, and 26 more. At File: D:/GitHub/LanternLaw/entry/src/main/ets/database/LanternLawDatabase.ets:130:36
[39m
[39m
[31m196 ERROR: [31m10505001 ArkTS Compiler Error
Error Message: Argument of type 'Record<string, Object>' is not assignable to parameter of type 'ValuesBucket'.
  'string' index signatures are incompatible.
    Type 'Object' is not assignable to type 'ValueType'.
      The 'Object' type is assignable to very few other types. Did you mean to use the 'any' type instead?
        The 'Object' type is assignable to very few other types. Did you mean to use the 'any' type instead?
          Type 'Object' is missing the following properties from type 'Float32Array': BYTES_PER_ELEMENT, buffer, byteLength, byteOffset, and 26 more. At File: D:/GitHub/LanternLaw/entry/src/main/ets/database/LanternLawDatabase.ets:138:57
[39m
[39m
[31m197 ERROR: [31m10505001 ArkTS Compiler Error
Error Message: Argument of type 'Record<string, Object>' is not assignable to parameter of type 'ValuesBucket'.
  'string' index signatures are incompatible.
    Type 'Object' is not assignable to type 'ValueType'.
      The 'Object' type is assignable to very few other types. Did you mean to use the 'any' type instead?
        The 'Object' type is assignable to very few other types. Did you mean to use the 'any' type instead?
          Type 'Object' is missing the following properties from type 'Float32Array': BYTES_PER_ELEMENT, buffer, byteLength, byteOffset, and 26 more. At File: D:/GitHub/LanternLaw/entry/src/main/ets/database/LanternLawDatabase.ets:222:51
[39m
[39m
[31m198 ERROR: [31m10505001 ArkTS Compiler Error
Error Message: Type '{ id: string; version: number; date: string; lanternlawStart: number; lanternlawEnd: number; actualDuration: number; escapeCount: number; success: boolean; createdAt: number; updatedAt: number; }' is missing the following properties from type 'DailyRecord': isToday, successPercentage, toJSON, clone At File: D:/GitHub/LanternLaw/entry/src/main/ets/database/LanternLawDatabase.ets:252:15
[39m
[39m
[31m199 ERROR: [31m10505001 ArkTS Compiler Error
Error Message: Property 'limit' does not exist on type 'RdbPredicates'. Did you mean 'limitAs'? At File: D:/GitHub/LanternLaw/entry/src/main/ets/database/LanternLawDatabase.ets:291:16
[39m
[39m
[31m200 ERROR: [31m10505001 ArkTS Compiler Error
Error Message: Type '{ id: string; version: number; date: string; actualDuration: number; escapeCount: number; success: boolean; lanternlawStart: number; lanternlawEnd: number; createdAt: number; updatedAt: number; }' is missing the following properties from type 'DailyRecord': isToday, successPercentage, toJSON, clone At File: D:/GitHub/LanternLaw/entry/src/main/ets/database/LanternLawDatabase.ets:303:17
[39m
[39m
[31m201 ERROR: [31m10505001 ArkTS Compiler Error
Error Message: Cannot find name 'event'. Did you mean 'Event'? At File: D:/GitHub/LanternLaw/entry/src/main/ets/utils/TimerWorker.ets:40:22
[39m
[39m
[31m202 ERROR: [31m10505001 ArkTS Compiler Error
Error Message: Namespace 'worker' has no exported member 'ErrorEvent'. At File: D:/GitHub/LanternLaw/entry/src/main/ets/utils/TimerWorker.ets:72:54
[39m
[39m
[31m203 ERROR: [31m10505001 ArkTS Compiler Error
Error Message: Property 'stop' does not exist on type 'TimerWorker'. At File: D:/GitHub/LanternLaw/entry/src/main/ets/utils/TimerWorker.ets:74:16
[39m
[39m
[31m204 ERROR: [31m10505001 ArkTS Compiler Error
Error Message: Property 'stop' does not exist on type 'TimerWorker'. At File: D:/GitHub/LanternLaw/entry/src/main/ets/utils/TimerWorker.ets:87:12
[39m
[39m
[31m205 ERROR: [31m10505001 ArkTS Compiler Error
Error Message: Cannot find name 'stop'. At File: D:/GitHub/LanternLaw/entry/src/main/ets/utils/TimerWorker.ets:95:3
[39m
[39m
[31m206 ERROR: [31m10505001 ArkTS Compiler Error
Error Message: A 'this' parameter must be the first parameter. At File: D:/GitHub/LanternLaw/entry/src/main/ets/utils/TimerWorker.ets:96:10
[39m
[39m
[31m207 ERROR: [31m10505001 ArkTS Compiler Error
Error Message: Object is possibly 'undefined'. At File: D:/GitHub/LanternLaw/entry/src/main/ets/utils/TimerWorker.ets:102:11
[39m
[39m
[31m208 ERROR: [31m10505001 ArkTS Compiler Error
Error Message: Object is possibly 'undefined'. At File: D:/GitHub/LanternLaw/entry/src/main/ets/utils/TimerWorker.ets:103:23
[39m
[39m
[31m209 ERROR: [31m10505001 ArkTS Compiler Error
Error Message: Object is possibly 'undefined'. At File: D:/GitHub/LanternLaw/entry/src/main/ets/utils/TimerWorker.ets:104:9
[39m
[39m
[31m210 ERROR: [31m10505001 ArkTS Compiler Error
Error Message: Object is possibly 'undefined'. At File: D:/GitHub/LanternLaw/entry/src/main/ets/utils/TimerWorker.ets:116:7
[39m
[39m
[31m211 ERROR: [31m10505001 ArkTS Compiler Error
Error Message: Object is possibly 'undefined'. At File: D:/GitHub/LanternLaw/entry/src/main/ets/utils/TimerWorker.ets:117:7
[39m
[39m
[31m212 ERROR: [31m10505001 ArkTS Compiler Error
Error Message: Cannot find name 'isActive'. At File: D:/GitHub/LanternLaw/entry/src/main/ets/utils/TimerWorker.ets:129:3
[39m
[39m
[31m213 ERROR: [31m10505001 ArkTS Compiler Error
Error Message: 'boolean' only refers to a type, but is being used as a value here. At File: D:/GitHub/LanternLaw/entry/src/main/ets/utils/TimerWorker.ets:129:15
[39m
[39m
[31m214 ERROR: [31m10505001 ArkTS Compiler Error
Error Message: Cannot find name 'destroy'. At File: D:/GitHub/LanternLaw/entry/src/main/ets/utils/TimerWorker.ets:136:3
[39m
[39m
[31m215 ERROR: [31m10505001 ArkTS Compiler Error
Error Message: Property 'startTimer' does not exist on type 'typeof Logger'. At File: D:/GitHub/LanternLaw/entry/src/main/ets/managers/DeviceLockManager.ets:100:28
[39m
[39m
[31m216 ERROR: [31m10505001 ArkTS Compiler Error
Error Message: Property 'endTimer' does not exist on type 'typeof Logger'. At File: D:/GitHub/LanternLaw/entry/src/main/ets/managers/DeviceLockManager.ets:141:14
[39m
[39m
[31m217 ERROR: [31m10505001 ArkTS Compiler Error
Error Message: Conversion of type 'void' to type 'Promise<void>' may be a mistake because neither type sufficiently overlaps with the other. If this was intentional, convert the expression to 'unknown' first. At File: D:/GitHub/LanternLaw/entry/src/main/ets/managers/DeviceLockManager.ets:150:12
[39m
[39m
[31m218 ERROR: [31m10505001 ArkTS Compiler Error
Error Message: Cannot use namespace 'deviceManager' as a value. At File: D:/GitHub/LanternLaw/entry/src/main/ets/managers/DeviceLockManager.ets:153:33
[39m
[39m
[31m219 ERROR: [31m10505001 ArkTS Compiler Error
Error Message: Property 'startTimer' does not exist on type 'typeof Logger'. At File: D:/GitHub/LanternLaw/entry/src/main/ets/managers/DeviceLockManager.ets:227:28
[39m
[39m
[31m220 ERROR: [31m10505001 ArkTS Compiler Error
Error Message: Property 'endTimer' does not exist on type 'typeof Logger'. At File: D:/GitHub/LanternLaw/entry/src/main/ets/managers/DeviceLockManager.ets:271:14
[39m
[39m
[31m221 ERROR: [31m10505001 ArkTS Compiler Error
Error Message: Property 'startTimer' does not exist on type 'typeof Logger'. At File: D:/GitHub/LanternLaw/entry/src/main/ets/managers/DeviceLockManager.ets:290:28
[39m
[39m
[31m222 ERROR: [31m10505001 ArkTS Compiler Error
Error Message: Property 'endTimer' does not exist on type 'typeof Logger'. At File: D:/GitHub/LanternLaw/entry/src/main/ets/managers/DeviceLockManager.ets:329:14
[39m
[39m
[31m223 ERROR: [31m10505001 ArkTS Compiler Error
Error Message: Property 'tokenId' does not exist on type 'Context'. At File: D:/GitHub/LanternLaw/entry/src/main/ets/managers/DeviceLockManager.ets:365:26
[39m
[39m
[31m224 ERROR: [31m10505001 ArkTS Compiler Error
Error Message: Argument of type 'string' is not assignable to parameter of type 'Permissions'. At File: D:/GitHub/LanternLaw/entry/src/main/ets/managers/DeviceLockManager.ets:366:13
[39m
[39m
[31m225 ERROR: [31m10505001 ArkTS Compiler Error
Error Message: Property 'startTimer' does not exist on type 'typeof Logger'. At File: D:/GitHub/LanternLaw/entry/src/main/ets/managers/DeviceLockManager.ets:398:28
[39m
[39m
[31m226 ERROR: [31m10505001 ArkTS Compiler Error
Error Message: Property 'endTimer' does not exist on type 'typeof Logger'. At File: D:/GitHub/LanternLaw/entry/src/main/ets/managers/DeviceLockManager.ets:430:14
[39m
[39m
[31m227 ERROR: [31m10505001 ArkTS Compiler Error
Error Message: Property 'startTimer' does not exist on type 'typeof Logger'. At File: D:/GitHub/LanternLaw/entry/src/main/ets/managers/DeviceLockManager.ets:441:28
[39m
[39m
[31m228 ERROR: [31m10505001 ArkTS Compiler Error
Error Message: Property 'endTimer' does not exist on type 'typeof Logger'. At File: D:/GitHub/LanternLaw/entry/src/main/ets/managers/DeviceLockManager.ets:475:14
[39m
[39m
[31m229 ERROR: [31m10505001 ArkTS Compiler Error
Error Message: Property 'startTimer' does not exist on type 'typeof Logger'. At File: D:/GitHub/LanternLaw/entry/src/main/ets/managers/DeviceLockManager.ets:486:28
[39m
[39m
[31m230 ERROR: [31m10505001 ArkTS Compiler Error
Error Message: Property 'endTimer' does not exist on type 'typeof Logger'. At File: D:/GitHub/LanternLaw/entry/src/main/ets/managers/DeviceLockManager.ets:506:14
[39m
[39m
[31m231 ERROR: [31m10505001 ArkTS Compiler Error
Error Message: Property 'getTrustedDeviceListSync' does not exist on type 'DeviceManager'. At File: D:/GitHub/LanternLaw/entry/src/main/ets/managers/DeviceLockManager.ets:522:52
[39m
[39m
[31m232 ERROR: [31m10505001 ArkTS Compiler Error
Error Message: Property 'startTimer' does not exist on type 'typeof Logger'. At File: D:/GitHub/LanternLaw/entry/src/main/ets/managers/DeviceLockManager.ets:651:28
[39m
[39m
[31m233 ERROR: [31m10505001 ArkTS Compiler Error
Error Message: Property 'endTimer' does not exist on type 'typeof Logger'. At File: D:/GitHub/LanternLaw/entry/src/main/ets/managers/DeviceLockManager.ets:682:14
[39m
[39m
[31m234 ERROR: [31m10505001 ArkTS Compiler Error
Error Message: 'runningLock' has no exported member named 'RunningLockInfo'. Did you mean 'RunningLock'? At File: D:/GitHub/LanternLaw/entry/src/main/ets/services/BackgroundKeepAlive.ets:259:35
[39m
[39m
[31m235 ERROR: [31m10505001 ArkTS Compiler Error
Error Message: Type 'void & Promise<RunningLock>' is missing the following properties from type 'RunningLock': lock, hold, isUsed, isHolding, and 2 more. At File: D:/GitHub/LanternLaw/entry/src/main/ets/services/BackgroundKeepAlive.ets:264:7
[39m
[39m
[31m236 ERROR: [31m10505001 ArkTS Compiler Error
Error Message: Expected 2-3 arguments, but got 1. At File: D:/GitHub/LanternLaw/entry/src/main/ets/services/BackgroundKeepAlive.ets:264:44
[39m
[39m
[31m237 ERROR: [31m10505001 ArkTS Compiler Error
Error Message: Property 'stop' does not exist on type 'TimerWorker'. At File: D:/GitHub/LanternLaw/entry/src/main/ets/managers/LanternLawStateManager.ets:384:24
[39m
[39m
[31m238 ERROR: [31m10505001 ArkTS Compiler Error
Error Message: Property 'destroy' does not exist on type 'TimerWorker'. At File: D:/GitHub/LanternLaw/entry/src/main/ets/managers/LanternLawStateManager.ets:393:24
[39m
[39m
[31m239 ERROR: [31m10505001 ArkTS Compiler Error
Error Message: Type 'string | Object' is not assignable to type 'string'.
  Type 'Object' is not assignable to type 'string'. At File: D:/GitHub/LanternLaw/entry/src/main/ets/models/Achievement.ets:31:5
[39m
[39m
[31m240 ERROR: [31m10505001 ArkTS Compiler Error
Error Message: Type 'string | Object' is not assignable to type 'string'.
  Type 'Object' is not assignable to type 'string'. At File: D:/GitHub/LanternLaw/entry/src/main/ets/models/Achievement.ets:32:5
[39m
[39m
[31m241 ERROR: [31m10505001 ArkTS Compiler Error
Error Message: Type 'string | Object' is not assignable to type 'string'.
  Type 'Object' is not assignable to type 'string'. At File: D:/GitHub/LanternLaw/entry/src/main/ets/models/Achievement.ets:33:5
[39m
[39m
[31m242 ERROR: [31m10505001 ArkTS Compiler Error
Error Message: Type 'string | Object' is not assignable to type 'string'.
  Type 'Object' is not assignable to type 'string'. At File: D:/GitHub/LanternLaw/entry/src/main/ets/models/Achievement.ets:34:5
[39m
[39m
[31m243 ERROR: [31m10505001 ArkTS Compiler Error
Error Message: Type 'number | Object' is not assignable to type 'number'.
  Type 'Object' is not assignable to type 'number'. At File: D:/GitHub/LanternLaw/entry/src/main/ets/models/Achievement.ets:35:5
[39m
[39m
[31m244 ERROR: [31m10505001 ArkTS Compiler Error
Error Message: Type 'boolean | Object' is not assignable to type 'boolean'.
  Type 'Object' is not assignable to type 'boolean'. At File: D:/GitHub/LanternLaw/entry/src/main/ets/models/Achievement.ets:36:5
[39m
[39m
[31m245 ERROR: [31m10505001 ArkTS Compiler Error
Error Message: Type 'number | Object' is not assignable to type 'number'.
  Type 'Object' is not assignable to type 'number'. At File: D:/GitHub/LanternLaw/entry/src/main/ets/models/Achievement.ets:37:5
[39m
[39m
[31m246 ERROR: [31m10505001 ArkTS Compiler Error
Error Message: Type 'string | Object' is not assignable to type 'string'.
  Type 'Object' is not assignable to type 'string'. At File: D:/GitHub/LanternLaw/entry/src/main/ets/models/Achievement.ets:38:5
[39m
[39m
[31m247 ERROR: [31m10505001 ArkTS Compiler Error
Error Message: Type '{ id: string; name: string; description: string; type: string; requirement: number; unlocked: false; unlockedAt: number; icon: string; }' is missing the following properties from type 'Achievement': toJSON, clone At File: D:/GitHub/LanternLaw/entry/src/main/ets/managers/AchievementManager.ets:24:5
[39m
[39m
[31m248 ERROR: [31m10505001 ArkTS Compiler Error
Error Message: Type '{ id: string; name: string; description: string; type: string; requirement: number; unlocked: false; unlockedAt: number; icon: string; }' is missing the following properties from type 'Achievement': toJSON, clone At File: D:/GitHub/LanternLaw/entry/src/main/ets/managers/AchievementManager.ets:34:5
[39m
[39m
[31m249 ERROR: [31m10505001 ArkTS Compiler Error
Error Message: Type '{ id: string; name: string; description: string; type: string; requirement: number; unlocked: false; unlockedAt: number; icon: string; }' is missing the following properties from type 'Achievement': toJSON, clone At File: D:/GitHub/LanternLaw/entry/src/main/ets/managers/AchievementManager.ets:44:5
[39m
[39m
[31m250 ERROR: [31m10505001 ArkTS Compiler Error
Error Message: Type '{ id: string; name: string; description: string; type: string; requirement: number; unlocked: false; unlockedAt: number; icon: string; }' is missing the following properties from type 'Achievement': toJSON, clone At File: D:/GitHub/LanternLaw/entry/src/main/ets/managers/AchievementManager.ets:54:5
[39m
[39m
[31m251 ERROR: [31m10505001 ArkTS Compiler Error
Error Message: Type '{ id: string; name: string; description: string; type: string; requirement: number; unlocked: false; unlockedAt: number; icon: string; }' is missing the following properties from type 'Achievement': toJSON, clone At File: D:/GitHub/LanternLaw/entry/src/main/ets/managers/AchievementManager.ets:65:5
[39m
[39m
[31m252 ERROR: [31m10505001 ArkTS Compiler Error
Error Message: Type '{ id: string; name: string; description: string; type: string; requirement: number; unlocked: false; unlockedAt: number; icon: string; }' is missing the following properties from type 'Achievement': toJSON, clone At File: D:/GitHub/LanternLaw/entry/src/main/ets/managers/AchievementManager.ets:75:5
[39m
[39m
[31m253 ERROR: [31m10505001 ArkTS Compiler Error
Error Message: Type '{ id: string; name: string; description: string; type: string; requirement: number; unlocked: false; unlockedAt: number; icon: string; }' is missing the following properties from type 'Achievement': toJSON, clone At File: D:/GitHub/LanternLaw/entry/src/main/ets/managers/AchievementManager.ets:85:5
[39m
[39m
[31m254 ERROR: [31m10505001 ArkTS Compiler Error
Error Message: Type '{ id: string; name: string; description: string; type: string; requirement: number; unlocked: false; unlockedAt: number; icon: string; }' is missing the following properties from type 'Achievement': toJSON, clone At File: D:/GitHub/LanternLaw/entry/src/main/ets/managers/AchievementManager.ets:95:5
[39m
[39m
[31m255 ERROR: [31m10505001 ArkTS Compiler Error
Error Message: Cannot find name 'Icon'. At File: D:/GitHub/LanternLaw/entry/src/main/ets/pages/SettingsPage.ets:91:9
[39m
[39m
[31m256 ERROR: [31m10505001 ArkTS Compiler Error
Error Message: Cannot find name 'vertical'. At File: D:/GitHub/LanternLaw/entry/src/main/ets/pages/SettingsPage.ets:230:18
[39m
[39m
[31m257 ERROR: [31m10505001 ArkTS Compiler Error
Error Message: Expected 1 arguments, but got 2. At File: D:/GitHub/LanternLaw/entry/src/main/ets/pages/SettingsPage.ets:230:28
[39m
[39m
[31m258 ERROR: [31m10505001 ArkTS Compiler Error
Error Message: Cannot find name 'Icon'. At File: D:/GitHub/LanternLaw/entry/src/main/ets/pages/SettingsPage.ets:272:9
[39m
[39m
[31m259 ERROR: [31m10505001 ArkTS Compiler Error
Error Message: Cannot find name 'vertical'. At File: D:/GitHub/LanternLaw/entry/src/main/ets/pages/SettingsPage.ets:280:16
[39m
[39m
[31m260 ERROR: [31m10505001 ArkTS Compiler Error
Error Message: Expected 1 arguments, but got 2. At File: D:/GitHub/LanternLaw/entry/src/main/ets/pages/SettingsPage.ets:280:26
[39m
[39m
[31m261 ERROR: [31m10505001 ArkTS Compiler Error
Error Message: Cannot find name 'vertical'. At File: D:/GitHub/LanternLaw/entry/src/main/ets/pages/SettingsPage.ets:350:14
[39m
[39m
[31m262 ERROR: [31m10505001 ArkTS Compiler Error
Error Message: Expected 1 arguments, but got 2. At File: D:/GitHub/LanternLaw/entry/src/main/ets/pages/SettingsPage.ets:350:24
[39m
[39m
[31m263 ERROR: [31m10505001 ArkTS Compiler Error
Error Message: Cannot find name 'vertical'. At File: D:/GitHub/LanternLaw/entry/src/main/ets/pages/SettingsPage.ets:422:14
[39m
[39m
[31m264 ERROR: [31m10505001 ArkTS Compiler Error
Error Message: Expected 1 arguments, but got 2. At File: D:/GitHub/LanternLaw/entry/src/main/ets/pages/SettingsPage.ets:422:24
[39m
[39m
[31m265 ERROR: [31m10505001 ArkTS Compiler Error
Error Message: Property 'getCurrentStateRecord' does not exist on type 'LanternLawStateManager'. Did you mean 'getCurrentState'? At File: D:/GitHub/LanternLaw/entry/src/main/ets/pages/SettingsPage.ets:485:39
[39m
[39m
[31m266 ERROR: [31m10505001 ArkTS Compiler Error
Error Message: Type '{ bedtime: string; wakeupTime: string; lanternlawEnabled: boolean; }' is missing the following properties from type 'LanternLawConfig': emergencyUnlocks, emergencyUsed, vibrationEnabled, soundEnabled, and 3 more. At File: D:/GitHub/LanternLaw/entry/src/main/ets/pages/SettingsPage.ets:504:13
[39m
[39m
[31m267 ERROR: [31m10505001 ArkTS Compiler Error
Error Message: Property 'updateConfig' does not exist on type 'LanternLawStateManager'. At File: D:/GitHub/LanternLaw/entry/src/main/ets/pages/SettingsPage.ets:510:31
[39m
[39m
[31m268 ERROR: [31m10505001 ArkTS Compiler Error
Error Message: Property 'getCurrentStateRecord' does not exist on type 'LanternLawStateManager'. Did you mean 'getCurrentState'? At File: D:/GitHub/LanternLaw/entry/src/main/ets/pages/SettingsPage.ets:538:40
[39m
[39m
[31m269 ERROR: [31m10505001 ArkTS Compiler Error
Error Message: Module '"../managers/AchievementManager"' declares 'Achievement' locally, but it is not exported. At File: D:/GitHub/LanternLaw/entry/src/main/ets/pages/StatsPage.ets:9:30
[39m
[39m
[31m270 ERROR: [31m10505001 ArkTS Compiler Error
Error Message: Cannot find name 'Icon'. At File: D:/GitHub/LanternLaw/entry/src/main/ets/pages/StatsPage.ets:89:9
[39m
[39m
[31m271 ERROR: [31m10505001 ArkTS Compiler Error
Error Message: Cannot find name 'Icon'. At File: D:/GitHub/LanternLaw/entry/src/main/ets/pages/StatsPage.ets:114:9
[39m
[39m
[31m272 ERROR: [31m10505001 ArkTS Compiler Error
Error Message: Cannot find name 'vertical'. At File: D:/GitHub/LanternLaw/entry/src/main/ets/pages/StatsPage.ets:292:22
[39m
[39m
[31m273 ERROR: [31m10505001 ArkTS Compiler Error
Error Message: Expected 1 arguments, but got 2. At File: D:/GitHub/LanternLaw/entry/src/main/ets/pages/StatsPage.ets:292:32
[39m
[39m
[31m274 ERROR: [31m10505001 ArkTS Compiler Error
Error Message: Property 'Baseline' does not exist on type 'typeof VerticalAlign'. At File: D:/GitHub/LanternLaw/entry/src/main/ets/pages/StatsPage.ets:380:33
[39m
[39m
[31m275 ERROR: [31m10905204 ArkTS Compiler Error
Error Message: 'Icon({
          src: $r('sys.symbol.chevron_left'),
          fill: this.COLORS.text
        })
          .width(24)
          .height(24)' does not meet UI component syntax. At File: D:/GitHub/LanternLaw/entry/src/main/ets/pages/SettingsPage.ets:91:9
[39m
[39m
[31m276 ERROR: [31m10905204 ArkTS Compiler Error
Error Message: 'Icon({
          src: $r('sys.symbol.chevron_right'),
          fill: this.COLORS.textDim
        })
          .width(16)
          .height(16)' does not meet UI component syntax. At File: D:/GitHub/LanternLaw/entry/src/main/ets/pages/SettingsPage.ets:272:9
[39m
[39m
[31m277 ERROR: [31m10905204 ArkTS Compiler Error
Error Message: 'Icon({
          src: $r('sys.symbol.chevron_left'),
          fill: this.COLORS.text
        })
          .width(24)
          .height(24)' does not meet UI component syntax. At File: D:/GitHub/LanternLaw/entry/src/main/ets/pages/StatsPage.ets:89:9
[39m
[39m
[31m278 ERROR: [31m10905204 ArkTS Compiler Error
Error Message: 'Icon({
          src: $r('sys.symbol.square_and_arrow_up'),
          fill: this.COLORS.textDim
        })
          .width(20)
          .height(20)' does not meet UI component syntax. At File: D:/GitHub/LanternLaw/entry/src/main/ets/pages/StatsPage.ets:114:9
[39m
[39m
[31mCOMPILE RESULT:FAIL {ERROR:279 WARN:21}[39m

[31m* Try:
> Run with --stacktrace option to get the stack trace.
> Run with --debug option to get more log output.
[39m
> hvigor [91mERROR: BUILD FAILED in 13 s 405 ms [39m
